<?xml version="1.0"?>

<!--L
  Copyright Washington University in St. Louis, SemanticBits, Persistent Systems, Krishagni.

  Distributed under the OSI-approved BSD 3-Clause License.
  See http://ncip.github.com/catissue-dao/LICENSE.txt for details.
L-->

<!DOCTYPE coverage SYSTEM "http://cobertura.sourceforge.net/xml/coverage-03.dtd">

<coverage line-rate="0.7132784958871915" branch-rate="0.6385542168674698" version="1.9" timestamp="1228316251818">
	<sources>
		<source>../src</source>
	</sources>
	<packages>
		<package name="edu.wustl.dao" line-rate="0.6349206349206349" branch-rate="0.5636363636363636" complexity="1.4782608695652173">
			<classes>
				<class name="edu.wustl.dao.AbstractJDBCDAOImpl" filename="edu/wustl/dao/AbstractJDBCDAOImpl.java" line-rate="0.7622950819672131" branch-rate="0.6285714285714286" complexity="0.0">
					<methods>
						<method name="&lt;clinit&gt;" signature="()V" line-rate="1.0" branch-rate="1.0">
							<lines>
								<line number="60" hits="1" branch="false"/>
							</lines>
						</method>
						<method name="&lt;init&gt;" signature="()V" line-rate="1.0" branch-rate="1.0">
							<lines>
								<line number="46" hits="33" branch="false"/>
								<line number="52" hits="33" branch="false"/>
								<line number="64" hits="33" branch="false"/>
							</lines>
						</method>
						<method name="audit" signature="(Ljava/lang/Object;Ljava/lang/Object;Ledu/wustl/common/beans/SessionDataBean;Z)V" line-rate="1.0" branch-rate="1.0">
							<lines>
								<line number="892" hits="1" branch="false"/>
								<line number="893" hits="1" branch="false"/>
							</lines>
						</method>
						<method name="closeSession" signature="()V" line-rate="0.5714285714285714" branch-rate="1.0">
							<lines>
								<line number="99" hits="16" branch="false"/>
								<line number="100" hits="16" branch="false"/>
								<line number="102" hits="0" branch="false"/>
								<line number="104" hits="0" branch="false"/>
								<line number="105" hits="0" branch="false"/>
								<line number="107" hits="16" branch="false"/>
								<line number="108" hits="16" branch="false"/>
							</lines>
						</method>
						<method name="commit" signature="()V" line-rate="0.45454545454545453" branch-rate="0.5">
							<lines>
								<line number="120" hits="6" branch="false"/>
								<line number="121" hits="6" branch="true" condition-coverage="50% (1/2)">
									<conditions>
										<condition number="0" type="jump" coverage="50%"/>
									</conditions>
								</line>
								<line number="126" hits="6" branch="false"/>
								<line number="128" hits="0" branch="false"/>
								<line number="131" hits="0" branch="false"/>
								<line number="132" hits="0" branch="false"/>
								<line number="135" hits="0" branch="false"/>
								<line number="137" hits="0" branch="false"/>
								<line number="138" hits="0" branch="false"/>
								<line number="140" hits="6" branch="false"/>
								<line number="141" hits="6" branch="false"/>
							</lines>
						</method>
						<method name="createInsertQuery" signature="(Ljava/lang/String;Ljava/util/List;)Ljava/lang/String;" line-rate="1.0" branch-rate="1.0">
							<lines>
								<line number="690" hits="2" branch="false"/>
								<line number="691" hits="2" branch="false"/>
								<line number="692" hits="2" branch="false"/>
								<line number="693" hits="10" branch="true" condition-coverage="100% (2/2)">
									<conditions>
										<condition number="0" type="jump" coverage="100%"/>
									</conditions>
								</line>
								<line number="695" hits="8" branch="false"/>
								<line number="696" hits="8" branch="false"/>
								<line number="697" hits="8" branch="true" condition-coverage="100% (2/2)">
									<conditions>
										<condition number="0" type="jump" coverage="100%"/>
									</conditions>
								</line>
								<line number="699" hits="6" branch="false"/>
								<line number="700" hits="6" branch="false"/>
								<line number="701" hits="6" branch="false"/>
								<line number="704" hits="2" branch="false"/>
								<line number="705" hits="2" branch="false"/>
								<line number="706" hits="2" branch="false"/>
								<line number="708" hits="2" branch="false"/>
								<line number="710" hits="2" branch="false"/>
							</lines>
						</method>
						<method name="createTable" signature="(Ljava/lang/String;)V" line-rate="1.0" branch-rate="1.0">
							<lines>
								<line number="222" hits="1" branch="false"/>
								<line number="223" hits="1" branch="false"/>
							</lines>
						</method>
						<method name="createTable" signature="(Ljava/lang/String;[Ljava/lang/String;)V" line-rate="1.0" branch-rate="1.0">
							<lines>
								<line number="211" hits="1" branch="false"/>
								<line number="212" hits="1" branch="false"/>
								<line number="213" hits="1" branch="false"/>
							</lines>
						</method>
						<method name="createTableQuery" signature="(Ljava/lang/String;[Ljava/lang/String;)Ljava/lang/String;" line-rate="1.0" branch-rate="1.0">
							<lines>
								<line number="234" hits="1" branch="false"/>
								<line number="238" hits="2" branch="true" condition-coverage="100% (2/2)">
									<conditions>
										<condition number="0" type="jump" coverage="100%"/>
									</conditions>
								</line>
								<line number="241" hits="1" branch="false"/>
								<line number="243" hits="1" branch="false"/>
								<line number="245" hits="1" branch="false"/>
							</lines>
						</method>
						<method name="delete" signature="(Ljava/lang/Object;)V" line-rate="1.0" branch-rate="1.0">
							<lines>
								<line number="902" hits="1" branch="false"/>
								<line number="903" hits="1" branch="false"/>
							</lines>
						</method>
						<method name="disableRelatedObjects" signature="(Ljava/lang/String;Ljava/lang/String;[Ljava/lang/Long;)V" line-rate="1.0" branch-rate="1.0">
							<lines>
								<line number="915" hits="1" branch="false"/>
								<line number="916" hits="1" branch="false"/>
							</lines>
						</method>
						<method name="executeQuery" signature="(Ledu/wustl/common/util/QueryParams;)Ledu/wustl/common/dao/queryExecutor/PagenatedResultData;" line-rate="0.75" branch-rate="0.5">
							<lines>
								<line number="453" hits="1" branch="false"/>
								<line number="454" hits="1" branch="true" condition-coverage="50% (2/4)">
									<conditions>
										<condition number="0" type="jump" coverage="50%"/>
										<condition number="1" type="jump" coverage="50%"/>
									</conditions>
								</line>
								<line number="457" hits="0" branch="false"/>
								<line number="459" hits="1" branch="false"/>
							</lines>
						</method>
						<method name="executeQuery" signature="(Ljava/lang/String;Ledu/wustl/common/beans/SessionDataBean;ZLjava/util/Map;)Ljava/util/List;" line-rate="1.0" branch-rate="1.0">
							<lines>
								<line number="431" hits="9" branch="false"/>
								<line number="432" hits="9" branch="false"/>
								<line number="433" hits="9" branch="false"/>
								<line number="434" hits="9" branch="false"/>
								<line number="435" hits="9" branch="false"/>
								<line number="436" hits="9" branch="false"/>
								<line number="437" hits="9" branch="false"/>
								<line number="438" hits="9" branch="false"/>
								<line number="440" hits="9" branch="false"/>
							</lines>
						</method>
						<method name="executeUpdate" signature="(Ljava/lang/String;)V" line-rate="1.0" branch-rate="1.0">
							<lines>
								<line number="196" hits="3" branch="false"/>
								<line number="197" hits="3" branch="false"/>
								<line number="198" hits="3" branch="false"/>
								<line number="199" hits="3" branch="false"/>
							</lines>
						</method>
						<method name="getConnection" signature="()Ljava/sql/Connection;" line-rate="1.0" branch-rate="1.0">
							<lines>
								<line number="866" hits="6" branch="false"/>
							</lines>
						</method>
						<method name="getConnectionManager" signature="()Ledu/wustl/dao/connectionmanager/IConnectionManager;" line-rate="1.0" branch-rate="1.0">
							<lines>
								<line number="857" hits="26" branch="false"/>
							</lines>
						</method>
						<method name="getFromPartOfQuery" signature="(Ljava/lang/String;Ljava/lang/StringBuffer;)V" line-rate="1.0" branch-rate="1.0">
							<lines>
								<line number="411" hits="9" branch="false"/>
								<line number="412" hits="9" branch="false"/>
							</lines>
						</method>
						<method name="getMetaData" signature="(Ljava/lang/String;Ljava/util/List;Ledu/wustl/dao/util/DatabaseConnectionParams;)Ljava/sql/ResultSetMetaData;" line-rate="1.0" branch-rate="1.0">
							<lines>
								<line number="626" hits="1" branch="false"/>
								<line number="627" hits="1" branch="false"/>
								<line number="629" hits="1" branch="false"/>
								<line number="630" hits="5" branch="true" condition-coverage="100% (2/2)">
									<conditions>
										<condition number="0" type="jump" coverage="100%"/>
									</conditions>
								</line>
								<line number="632" hits="4" branch="false"/>
								<line number="633" hits="4" branch="true" condition-coverage="100% (2/2)">
									<conditions>
										<condition number="0" type="jump" coverage="100%"/>
									</conditions>
								</line>
								<line number="635" hits="3" branch="false"/>
								<line number="638" hits="1" branch="false"/>
								<line number="639" hits="1" branch="false"/>
								<line number="641" hits="1" branch="false"/>
							</lines>
						</method>
						<method name="getMetaDataAndUpdateColumns" signature="(Ljava/lang/String;Ljava/util/List;Ledu/wustl/dao/util/DatabaseConnectionParams;)Ljava/sql/ResultSetMetaData;" line-rate="0.7272727272727273" branch-rate="1.0">
							<lines>
								<line number="662" hits="1" branch="false"/>
								<line number="663" hits="1" branch="false"/>
								<line number="664" hits="1" branch="false"/>
								<line number="665" hits="1" branch="false"/>
								<line number="667" hits="5" branch="true" condition-coverage="100% (2/2)">
									<conditions>
										<condition number="0" type="jump" coverage="100%"/>
									</conditions>
								</line>
								<line number="669" hits="4" branch="false"/>
								<line number="672" hits="0" branch="false"/>
								<line number="675" hits="0" branch="false"/>
								<line number="676" hits="0" branch="false"/>
								<line number="677" hits="1" branch="false"/>
								<line number="679" hits="1" branch="false"/>
							</lines>
						</method>
						<method name="getSelectPartOfQuery" signature="([Ljava/lang/String;Z)Ljava/lang/StringBuffer;" line-rate="1.0" branch-rate="0.875">
							<lines>
								<line number="383" hits="9" branch="false"/>
								<line number="384" hits="9" branch="true" condition-coverage="75% (3/4)">
									<conditions>
										<condition number="0" type="jump" coverage="100%"/>
										<condition number="1" type="jump" coverage="50%"/>
									</conditions>
								</line>
								<line number="386" hits="2" branch="true" condition-coverage="100% (2/2)">
									<conditions>
										<condition number="0" type="jump" coverage="100%"/>
									</conditions>
								</line>
								<line number="388" hits="1" branch="false"/>
								<line number="391" hits="8" branch="true" condition-coverage="100% (2/2)">
									<conditions>
										<condition number="0" type="jump" coverage="100%"/>
									</conditions>
								</line>
								<line number="393" hits="6" branch="false"/>
								<line number="395" hits="2" branch="false"/>
								<line number="396" hits="2" branch="false"/>
								<line number="399" hits="7" branch="false"/>
								<line number="401" hits="9" branch="false"/>
							</lines>
						</method>
						<method name="initializeAuditManager" signature="(Ledu/wustl/common/beans/SessionDataBean;)V" line-rate="0.7142857142857143" branch-rate="0.5">
							<lines>
								<line number="176" hits="16" branch="false"/>
								<line number="177" hits="16" branch="true" condition-coverage="50% (1/2)">
									<conditions>
										<condition number="0" type="jump" coverage="50%"/>
									</conditions>
								</line>
								<line number="179" hits="16" branch="false"/>
								<line number="180" hits="16" branch="false"/>
								<line number="183" hits="0" branch="false"/>
								<line number="184" hits="0" branch="false"/>
								<line number="186" hits="16" branch="false"/>
							</lines>
						</method>
						<method name="insert" signature="(Ljava/lang/Object;Ledu/wustl/common/beans/SessionDataBean;ZZ)V" line-rate="1.0" branch-rate="1.0">
							<lines>
								<line number="930" hits="1" branch="false"/>
								<line number="931" hits="1" branch="false"/>
							</lines>
						</method>
						<method name="insertHashedValues" signature="(Ljava/lang/String;Ljava/util/List;Ljava/util/List;)V" line-rate="0.8636363636363636" branch-rate="0.75">
							<lines>
								<line number="482" hits="2" branch="false"/>
								<line number="485" hits="2" branch="false"/>
								<line number="486" hits="2" branch="false"/>
								<line number="488" hits="2" branch="false"/>
								<line number="489" hits="2" branch="false"/>
								<line number="491" hits="2" branch="false"/>
								<line number="494" hits="2" branch="true" condition-coverage="75% (3/4)">
									<conditions>
										<condition number="0" type="jump" coverage="100%"/>
										<condition number="1" type="jump" coverage="50%"/>
									</conditions>
								</line>
								<line number="496" hits="1" branch="false"/>
								<line number="497" hits="1" branch="false"/>
								<line number="498" hits="1" branch="false"/>
								<line number="501" hits="1" branch="false"/>
								<line number="505" hits="2" branch="false"/>
								<line number="506" hits="2" branch="false"/>
								<line number="507" hits="2" branch="false"/>
								<line number="508" hits="2" branch="false"/>
								<line number="510" hits="0" branch="false"/>
								<line number="513" hits="0" branch="false"/>
								<line number="514" hits="0" branch="false"/>
								<line number="518" hits="2" branch="false"/>
								<line number="519" hits="2" branch="false"/>
								<line number="520" hits="2" branch="false"/>
								<line number="521" hits="2" branch="false"/>
							</lines>
						</method>
						<method name="isColumnValueDate" signature="(Ljava/lang/Object;)Ljava/sql/Timestamp;" line-rate="0.0" branch-rate="0.0">
							<lines>
								<line number="815" hits="0" branch="false"/>
								<line number="818" hits="0" branch="false"/>
								<line number="819" hits="0" branch="false"/>
								<line number="821" hits="0" branch="false"/>
								<line number="825" hits="0" branch="false"/>
								<line number="826" hits="0" branch="true" condition-coverage="0% (0/4)">
									<conditions>
										<condition number="0" type="jump" coverage="0%"/>
										<condition number="1" type="jump" coverage="0%"/>
									</conditions>
								</line>
								<line number="828" hits="0" branch="false"/>
								<line number="831" hits="0" branch="false"/>
								<line number="834" hits="0" branch="false"/>
								<line number="836" hits="0" branch="false"/>
							</lines>
						</method>
						<method name="isDateColumn" signature="(Ljava/sql/ResultSetMetaData;I)Z" line-rate="1.0" branch-rate="1.0">
							<lines>
								<line number="569" hits="8" branch="false"/>
								<line number="570" hits="8" branch="false"/>
								<line number="571" hits="8" branch="true" condition-coverage="100% (2/2)">
									<conditions>
										<condition number="0" type="jump" coverage="100%"/>
									</conditions>
								</line>
								<line number="573" hits="2" branch="false"/>
								<line number="575" hits="8" branch="false"/>
							</lines>
						</method>
						<method name="isNumberColumn" signature="(Ljava/sql/ResultSetMetaData;I)Z" line-rate="1.0" branch-rate="1.0">
							<lines>
								<line number="603" hits="6" branch="false"/>
								<line number="604" hits="6" branch="false"/>
								<line number="605" hits="6" branch="true" condition-coverage="100% (2/2)">
									<conditions>
										<condition number="0" type="jump" coverage="100%"/>
									</conditions>
								</line>
								<line number="607" hits="4" branch="false"/>
								<line number="609" hits="6" branch="false"/>
							</lines>
						</method>
						<method name="isTimeStampColumn" signature="(Ljava/sql/PreparedStatement;ILjava/lang/Object;)Z" line-rate="0.0" branch-rate="0.0">
							<lines>
								<line number="744" hits="0" branch="false"/>
								<line number="745" hits="0" branch="false"/>
								<line number="746" hits="0" branch="true" condition-coverage="0% (0/2)">
									<conditions>
										<condition number="0" type="jump" coverage="0%"/>
									</conditions>
								</line>
								<line number="748" hits="0" branch="false"/>
								<line number="749" hits="0" branch="false"/>
								<line number="751" hits="0" branch="false"/>
							</lines>
						</method>
						<method name="isTinyIntColumn" signature="(Ljava/sql/ResultSetMetaData;I)Z" line-rate="0.8" branch-rate="0.5">
							<lines>
								<line number="586" hits="6" branch="false"/>
								<line number="587" hits="6" branch="false"/>
								<line number="588" hits="6" branch="true" condition-coverage="50% (1/2)">
									<conditions>
										<condition number="0" type="jump" coverage="50%"/>
									</conditions>
								</line>
								<line number="590" hits="0" branch="false"/>
								<line number="592" hits="6" branch="false"/>
							</lines>
						</method>
						<method name="openSession" signature="(Ledu/wustl/common/beans/SessionDataBean;)V" line-rate="0.625" branch-rate="1.0">
							<lines>
								<line number="77" hits="16" branch="false"/>
								<line number="78" hits="16" branch="false"/>
								<line number="79" hits="16" branch="false"/>
								<line number="81" hits="0" branch="false"/>
								<line number="84" hits="0" branch="false"/>
								<line number="85" hits="0" branch="false"/>
								<line number="87" hits="16" branch="false"/>
								<line number="88" hits="16" branch="false"/>
							</lines>
						</method>
						<method name="retrieve" signature="(Ljava/lang/String;)Ljava/util/List;" line-rate="1.0" branch-rate="1.0">
							<lines>
								<line number="257" hits="1" branch="false"/>
							</lines>
						</method>
						<method name="retrieve" signature="(Ljava/lang/String;Ljava/lang/Long;)Ljava/lang/Object;" line-rate="1.0" branch-rate="1.0">
							<lines>
								<line number="970" hits="1" branch="false"/>
								<line number="971" hits="1" branch="false"/>
							</lines>
						</method>
						<method name="retrieve" signature="(Ljava/lang/String;Ljava/lang/String;Ljava/lang/Object;)Ljava/util/List;" line-rate="1.0" branch-rate="1.0">
							<lines>
								<line number="323" hits="1" branch="false"/>
								<line number="325" hits="1" branch="false"/>
								<line number="326" hits="1" branch="false"/>
								<line number="328" hits="1" branch="false"/>
							</lines>
						</method>
						<method name="retrieve" signature="(Ljava/lang/String;[Ljava/lang/String;)Ljava/util/List;" line-rate="1.0" branch-rate="1.0">
							<lines>
								<line number="271" hits="1" branch="false"/>
							</lines>
						</method>
						<method name="retrieve" signature="(Ljava/lang/String;[Ljava/lang/String;Ledu/wustl/dao/QueryWhereClause;)Ljava/util/List;" line-rate="1.0" branch-rate="1.0">
							<lines>
								<line number="306" hits="5" branch="false"/>
							</lines>
						</method>
						<method name="retrieve" signature="(Ljava/lang/String;[Ljava/lang/String;Ledu/wustl/dao/QueryWhereClause;Z)Ljava/util/List;" line-rate="0.8888888888888888" branch-rate="1.0">
							<lines>
								<line number="352" hits="9" branch="false"/>
								<line number="355" hits="9" branch="false"/>
								<line number="356" hits="9" branch="false"/>
								<line number="358" hits="9" branch="true" condition-coverage="100% (2/2)">
									<conditions>
										<condition number="0" type="jump" coverage="100%"/>
									</conditions>
								</line>
								<line number="360" hits="6" branch="false"/>
								<line number="364" hits="9" branch="false"/>
								<line number="366" hits="0" branch="false"/>
								<line number="369" hits="9" branch="false"/>
								<line number="371" hits="9" branch="false"/>
							</lines>
						</method>
						<method name="retrieve" signature="(Ljava/lang/String;[Ljava/lang/String;Z)Ljava/util/List;" line-rate="1.0" branch-rate="1.0">
							<lines>
								<line number="287" hits="1" branch="false"/>
							</lines>
						</method>
						<method name="retrieveAttribute" signature="(Ljava/lang/Class;Ljava/lang/Long;Ljava/lang/String;Ljava/lang/String;)Ljava/lang/Object;" line-rate="1.0" branch-rate="1.0">
							<lines>
								<line number="946" hits="1" branch="false"/>
								<line number="947" hits="1" branch="false"/>
							</lines>
						</method>
						<method name="rollback" signature="()V" line-rate="0.0" branch-rate="0.0">
							<lines>
								<line number="152" hits="0" branch="true" condition-coverage="0% (0/2)">
									<conditions>
										<condition number="0" type="jump" coverage="0%"/>
									</conditions>
								</line>
								<line number="157" hits="0" branch="false"/>
								<line number="159" hits="0" branch="false"/>
								<line number="162" hits="0" branch="false"/>
								<line number="163" hits="0" branch="false"/>
								<line number="166" hits="0" branch="false"/>
								<line number="167" hits="0" branch="false"/>
							</lines>
						</method>
						<method name="setConnectionManager" signature="(Ledu/wustl/dao/connectionmanager/IConnectionManager;)V" line-rate="1.0" branch-rate="1.0">
							<lines>
								<line number="848" hits="33" branch="false"/>
								<line number="849" hits="33" branch="false"/>
							</lines>
						</method>
						<method name="setDateColumns" signature="(Ljava/sql/PreparedStatement;ILjava/lang/Object;)V" line-rate="0.7" branch-rate="0.5">
							<lines>
								<line number="789" hits="2" branch="true" condition-coverage="50% (2/4)">
									<conditions>
										<condition number="0" type="jump" coverage="50%"/>
										<condition number="1" type="jump" coverage="50%"/>
									</conditions>
								</line>
								<line number="791" hits="2" branch="false"/>
								<line number="794" hits="2" branch="false"/>
								<line number="796" hits="0" branch="false"/>
								<line number="799" hits="0" branch="false"/>
								<line number="800" hits="0" branch="false"/>
								<line number="801" hits="2" branch="false"/>
								<line number="802" hits="2" branch="false"/>
								<line number="803" hits="2" branch="false"/>
								<line number="805" hits="2" branch="false"/>
							</lines>
						</method>
						<method name="setNumberColumns" signature="(Ljava/sql/PreparedStatement;ILjava/lang/Object;)V" line-rate="0.6" branch-rate="0.5">
							<lines>
								<line number="724" hits="4" branch="true" condition-coverage="50% (2/4)">
									<conditions>
										<condition number="0" type="jump" coverage="50%"/>
										<condition number="1" type="jump" coverage="50%"/>
									</conditions>
								</line>
								<line number="726" hits="0" branch="false"/>
								<line number="727" hits="0" branch="false"/>
								<line number="730" hits="4" branch="false"/>
								<line number="732" hits="4" branch="false"/>
							</lines>
						</method>
						<method name="setStmtIndexValue" signature="(Ljava/util/List;Ljava/sql/ResultSetMetaData;Ljava/sql/PreparedStatement;)V" line-rate="0.8571428571428571" branch-rate="0.875">
							<lines>
								<line number="534" hits="10" branch="true" condition-coverage="100% (2/2)">
									<conditions>
										<condition number="0" type="jump" coverage="100%"/>
									</conditions>
								</line>
								<line number="536" hits="8" branch="false"/>
								<line number="537" hits="8" branch="false"/>
								<line number="538" hits="8" branch="true" condition-coverage="100% (2/2)">
									<conditions>
										<condition number="0" type="jump" coverage="100%"/>
									</conditions>
								</line>
								<line number="540" hits="2" branch="false"/>
								<line number="541" hits="2" branch="false"/>
								<line number="543" hits="6" branch="true" condition-coverage="50% (1/2)">
									<conditions>
										<condition number="0" type="jump" coverage="50%"/>
									</conditions>
								</line>
								<line number="545" hits="0" branch="false"/>
								<line number="546" hits="0" branch="false"/>
								<line number="552" hits="6" branch="true" condition-coverage="100% (2/2)">
									<conditions>
										<condition number="0" type="jump" coverage="100%"/>
									</conditions>
								</line>
								<line number="554" hits="4" branch="false"/>
								<line number="555" hits="4" branch="false"/>
								<line number="557" hits="2" branch="false"/>
								<line number="559" hits="2" branch="false"/>
							</lines>
						</method>
						<method name="setTinyIntColumns" signature="(Ljava/sql/PreparedStatement;ILjava/lang/Object;)V" line-rate="0.0" branch-rate="0.0">
							<lines>
								<line number="766" hits="0" branch="true" condition-coverage="0% (0/6)">
									<conditions>
										<condition number="0" type="jump" coverage="0%"/>
										<condition number="1" type="jump" coverage="0%"/>
										<condition number="2" type="jump" coverage="0%"/>
									</conditions>
								</line>
								<line number="768" hits="0" branch="false"/>
								<line number="769" hits="0" branch="false"/>
								<line number="772" hits="0" branch="false"/>
								<line number="774" hits="0" branch="false"/>
							</lines>
						</method>
						<method name="update" signature="(Ljava/lang/Object;)V" line-rate="1.0" branch-rate="1.0">
							<lines>
								<line number="957" hits="1" branch="false"/>
								<line number="958" hits="1" branch="false"/>
							</lines>
						</method>
					</methods>
					<lines>
						<line number="46" hits="33" branch="false"/>
						<line number="52" hits="33" branch="false"/>
						<line number="60" hits="1" branch="false"/>
						<line number="64" hits="33" branch="false"/>
						<line number="77" hits="16" branch="false"/>
						<line number="78" hits="16" branch="false"/>
						<line number="79" hits="16" branch="false"/>
						<line number="81" hits="0" branch="false"/>
						<line number="84" hits="0" branch="false"/>
						<line number="85" hits="0" branch="false"/>
						<line number="87" hits="16" branch="false"/>
						<line number="88" hits="16" branch="false"/>
						<line number="99" hits="16" branch="false"/>
						<line number="100" hits="16" branch="false"/>
						<line number="102" hits="0" branch="false"/>
						<line number="104" hits="0" branch="false"/>
						<line number="105" hits="0" branch="false"/>
						<line number="107" hits="16" branch="false"/>
						<line number="108" hits="16" branch="false"/>
						<line number="120" hits="6" branch="false"/>
						<line number="121" hits="6" branch="true" condition-coverage="50% (1/2)">
							<conditions>
								<condition number="0" type="jump" coverage="50%"/>
							</conditions>
						</line>
						<line number="126" hits="6" branch="false"/>
						<line number="128" hits="0" branch="false"/>
						<line number="131" hits="0" branch="false"/>
						<line number="132" hits="0" branch="false"/>
						<line number="135" hits="0" branch="false"/>
						<line number="137" hits="0" branch="false"/>
						<line number="138" hits="0" branch="false"/>
						<line number="140" hits="6" branch="false"/>
						<line number="141" hits="6" branch="false"/>
						<line number="152" hits="0" branch="true" condition-coverage="0% (0/2)">
							<conditions>
								<condition number="0" type="jump" coverage="0%"/>
							</conditions>
						</line>
						<line number="157" hits="0" branch="false"/>
						<line number="159" hits="0" branch="false"/>
						<line number="162" hits="0" branch="false"/>
						<line number="163" hits="0" branch="false"/>
						<line number="166" hits="0" branch="false"/>
						<line number="167" hits="0" branch="false"/>
						<line number="176" hits="16" branch="false"/>
						<line number="177" hits="16" branch="true" condition-coverage="50% (1/2)">
							<conditions>
								<condition number="0" type="jump" coverage="50%"/>
							</conditions>
						</line>
						<line number="179" hits="16" branch="false"/>
						<line number="180" hits="16" branch="false"/>
						<line number="183" hits="0" branch="false"/>
						<line number="184" hits="0" branch="false"/>
						<line number="186" hits="16" branch="false"/>
						<line number="196" hits="3" branch="false"/>
						<line number="197" hits="3" branch="false"/>
						<line number="198" hits="3" branch="false"/>
						<line number="199" hits="3" branch="false"/>
						<line number="211" hits="1" branch="false"/>
						<line number="212" hits="1" branch="false"/>
						<line number="213" hits="1" branch="false"/>
						<line number="222" hits="1" branch="false"/>
						<line number="223" hits="1" branch="false"/>
						<line number="234" hits="1" branch="false"/>
						<line number="238" hits="2" branch="true" condition-coverage="100% (2/2)">
							<conditions>
								<condition number="0" type="jump" coverage="100%"/>
							</conditions>
						</line>
						<line number="241" hits="1" branch="false"/>
						<line number="243" hits="1" branch="false"/>
						<line number="245" hits="1" branch="false"/>
						<line number="256" hits="1" branch="false"/>
						<line number="257" hits="1" branch="false"/>
						<line number="271" hits="1" branch="false"/>
						<line number="287" hits="1" branch="false"/>
						<line number="306" hits="5" branch="false"/>
						<line number="323" hits="1" branch="false"/>
						<line number="325" hits="1" branch="false"/>
						<line number="326" hits="1" branch="false"/>
						<line number="328" hits="1" branch="false"/>
						<line number="352" hits="9" branch="false"/>
						<line number="355" hits="9" branch="false"/>
						<line number="356" hits="9" branch="false"/>
						<line number="358" hits="9" branch="true" condition-coverage="100% (2/2)">
							<conditions>
								<condition number="0" type="jump" coverage="100%"/>
							</conditions>
						</line>
						<line number="360" hits="6" branch="false"/>
						<line number="363" hits="9" branch="false"/>
						<line number="364" hits="9" branch="false"/>
						<line number="366" hits="0" branch="false"/>
						<line number="369" hits="9" branch="false"/>
						<line number="371" hits="9" branch="false"/>
						<line number="383" hits="9" branch="false"/>
						<line number="384" hits="9" branch="true" condition-coverage="75% (3/4)">
							<conditions>
								<condition number="0" type="jump" coverage="100%"/>
								<condition number="1" type="jump" coverage="50%"/>
							</conditions>
						</line>
						<line number="386" hits="2" branch="true" condition-coverage="100% (2/2)">
							<conditions>
								<condition number="0" type="jump" coverage="100%"/>
							</conditions>
						</line>
						<line number="388" hits="1" branch="false"/>
						<line number="391" hits="8" branch="true" condition-coverage="100% (2/2)">
							<conditions>
								<condition number="0" type="jump" coverage="100%"/>
							</conditions>
						</line>
						<line number="393" hits="6" branch="false"/>
						<line number="395" hits="2" branch="false"/>
						<line number="396" hits="2" branch="false"/>
						<line number="399" hits="7" branch="false"/>
						<line number="401" hits="9" branch="false"/>
						<line number="411" hits="9" branch="false"/>
						<line number="412" hits="9" branch="false"/>
						<line number="430" hits="9" branch="false"/>
						<line number="431" hits="9" branch="false"/>
						<line number="432" hits="9" branch="false"/>
						<line number="433" hits="9" branch="false"/>
						<line number="434" hits="9" branch="false"/>
						<line number="435" hits="9" branch="false"/>
						<line number="436" hits="9" branch="false"/>
						<line number="437" hits="9" branch="false"/>
						<line number="438" hits="9" branch="false"/>
						<line number="440" hits="9" branch="false"/>
						<line number="453" hits="1" branch="false"/>
						<line number="454" hits="1" branch="true" condition-coverage="50% (2/4)">
							<conditions>
								<condition number="0" type="jump" coverage="50%"/>
								<condition number="1" type="jump" coverage="50%"/>
							</conditions>
						</line>
						<line number="457" hits="0" branch="false"/>
						<line number="459" hits="1" branch="false"/>
						<line number="482" hits="2" branch="false"/>
						<line number="485" hits="2" branch="false"/>
						<line number="486" hits="2" branch="false"/>
						<line number="488" hits="2" branch="false"/>
						<line number="489" hits="2" branch="false"/>
						<line number="491" hits="2" branch="false"/>
						<line number="494" hits="2" branch="true" condition-coverage="75% (3/4)">
							<conditions>
								<condition number="0" type="jump" coverage="100%"/>
								<condition number="1" type="jump" coverage="50%"/>
							</conditions>
						</line>
						<line number="496" hits="1" branch="false"/>
						<line number="497" hits="1" branch="false"/>
						<line number="498" hits="1" branch="false"/>
						<line number="501" hits="1" branch="false"/>
						<line number="505" hits="2" branch="false"/>
						<line number="506" hits="2" branch="false"/>
						<line number="507" hits="2" branch="false"/>
						<line number="508" hits="2" branch="false"/>
						<line number="510" hits="0" branch="false"/>
						<line number="513" hits="0" branch="false"/>
						<line number="514" hits="0" branch="false"/>
						<line number="518" hits="2" branch="false"/>
						<line number="519" hits="2" branch="false"/>
						<line number="520" hits="2" branch="false"/>
						<line number="521" hits="2" branch="false"/>
						<line number="534" hits="10" branch="true" condition-coverage="100% (2/2)">
							<conditions>
								<condition number="0" type="jump" coverage="100%"/>
							</conditions>
						</line>
						<line number="536" hits="8" branch="false"/>
						<line number="537" hits="8" branch="false"/>
						<line number="538" hits="8" branch="true" condition-coverage="100% (2/2)">
							<conditions>
								<condition number="0" type="jump" coverage="100%"/>
							</conditions>
						</line>
						<line number="540" hits="2" branch="false"/>
						<line number="541" hits="2" branch="false"/>
						<line number="543" hits="6" branch="true" condition-coverage="50% (1/2)">
							<conditions>
								<condition number="0" type="jump" coverage="50%"/>
							</conditions>
						</line>
						<line number="545" hits="0" branch="false"/>
						<line number="546" hits="0" branch="false"/>
						<line number="552" hits="6" branch="true" condition-coverage="100% (2/2)">
							<conditions>
								<condition number="0" type="jump" coverage="100%"/>
							</conditions>
						</line>
						<line number="554" hits="4" branch="false"/>
						<line number="555" hits="4" branch="false"/>
						<line number="557" hits="2" branch="false"/>
						<line number="559" hits="2" branch="false"/>
						<line number="569" hits="8" branch="false"/>
						<line number="570" hits="8" branch="false"/>
						<line number="571" hits="8" branch="true" condition-coverage="100% (2/2)">
							<conditions>
								<condition number="0" type="jump" coverage="100%"/>
							</conditions>
						</line>
						<line number="573" hits="2" branch="false"/>
						<line number="575" hits="8" branch="false"/>
						<line number="586" hits="6" branch="false"/>
						<line number="587" hits="6" branch="false"/>
						<line number="588" hits="6" branch="true" condition-coverage="50% (1/2)">
							<conditions>
								<condition number="0" type="jump" coverage="50%"/>
							</conditions>
						</line>
						<line number="590" hits="0" branch="false"/>
						<line number="592" hits="6" branch="false"/>
						<line number="603" hits="6" branch="false"/>
						<line number="604" hits="6" branch="false"/>
						<line number="605" hits="6" branch="true" condition-coverage="100% (2/2)">
							<conditions>
								<condition number="0" type="jump" coverage="100%"/>
							</conditions>
						</line>
						<line number="607" hits="4" branch="false"/>
						<line number="609" hits="6" branch="false"/>
						<line number="626" hits="1" branch="false"/>
						<line number="627" hits="1" branch="false"/>
						<line number="629" hits="1" branch="false"/>
						<line number="630" hits="5" branch="true" condition-coverage="100% (2/2)">
							<conditions>
								<condition number="0" type="jump" coverage="100%"/>
							</conditions>
						</line>
						<line number="632" hits="4" branch="false"/>
						<line number="633" hits="4" branch="true" condition-coverage="100% (2/2)">
							<conditions>
								<condition number="0" type="jump" coverage="100%"/>
							</conditions>
						</line>
						<line number="635" hits="3" branch="false"/>
						<line number="638" hits="1" branch="false"/>
						<line number="639" hits="1" branch="false"/>
						<line number="641" hits="1" branch="false"/>
						<line number="662" hits="1" branch="false"/>
						<line number="663" hits="1" branch="false"/>
						<line number="664" hits="1" branch="false"/>
						<line number="665" hits="1" branch="false"/>
						<line number="667" hits="5" branch="true" condition-coverage="100% (2/2)">
							<conditions>
								<condition number="0" type="jump" coverage="100%"/>
							</conditions>
						</line>
						<line number="669" hits="4" branch="false"/>
						<line number="672" hits="0" branch="false"/>
						<line number="675" hits="0" branch="false"/>
						<line number="676" hits="0" branch="false"/>
						<line number="677" hits="1" branch="false"/>
						<line number="679" hits="1" branch="false"/>
						<line number="690" hits="2" branch="false"/>
						<line number="691" hits="2" branch="false"/>
						<line number="692" hits="2" branch="false"/>
						<line number="693" hits="10" branch="true" condition-coverage="100% (2/2)">
							<conditions>
								<condition number="0" type="jump" coverage="100%"/>
							</conditions>
						</line>
						<line number="695" hits="8" branch="false"/>
						<line number="696" hits="8" branch="false"/>
						<line number="697" hits="8" branch="true" condition-coverage="100% (2/2)">
							<conditions>
								<condition number="0" type="jump" coverage="100%"/>
							</conditions>
						</line>
						<line number="699" hits="6" branch="false"/>
						<line number="700" hits="6" branch="false"/>
						<line number="701" hits="6" branch="false"/>
						<line number="704" hits="2" branch="false"/>
						<line number="705" hits="2" branch="false"/>
						<line number="706" hits="2" branch="false"/>
						<line number="708" hits="2" branch="false"/>
						<line number="710" hits="2" branch="false"/>
						<line number="724" hits="4" branch="true" condition-coverage="50% (2/4)">
							<conditions>
								<condition number="0" type="jump" coverage="50%"/>
								<condition number="1" type="jump" coverage="50%"/>
							</conditions>
						</line>
						<line number="726" hits="0" branch="false"/>
						<line number="727" hits="0" branch="false"/>
						<line number="730" hits="4" branch="false"/>
						<line number="732" hits="4" branch="false"/>
						<line number="744" hits="0" branch="false"/>
						<line number="745" hits="0" branch="false"/>
						<line number="746" hits="0" branch="true" condition-coverage="0% (0/2)">
							<conditions>
								<condition number="0" type="jump" coverage="0%"/>
							</conditions>
						</line>
						<line number="748" hits="0" branch="false"/>
						<line number="749" hits="0" branch="false"/>
						<line number="751" hits="0" branch="false"/>
						<line number="766" hits="0" branch="true" condition-coverage="0% (0/6)">
							<conditions>
								<condition number="0" type="jump" coverage="0%"/>
								<condition number="1" type="jump" coverage="0%"/>
								<condition number="2" type="jump" coverage="0%"/>
							</conditions>
						</line>
						<line number="768" hits="0" branch="false"/>
						<line number="769" hits="0" branch="false"/>
						<line number="772" hits="0" branch="false"/>
						<line number="774" hits="0" branch="false"/>
						<line number="789" hits="2" branch="true" condition-coverage="50% (2/4)">
							<conditions>
								<condition number="0" type="jump" coverage="50%"/>
								<condition number="1" type="jump" coverage="50%"/>
							</conditions>
						</line>
						<line number="791" hits="2" branch="false"/>
						<line number="794" hits="2" branch="false"/>
						<line number="796" hits="0" branch="false"/>
						<line number="799" hits="0" branch="false"/>
						<line number="800" hits="0" branch="false"/>
						<line number="801" hits="2" branch="false"/>
						<line number="802" hits="2" branch="false"/>
						<line number="803" hits="2" branch="false"/>
						<line number="805" hits="2" branch="false"/>
						<line number="815" hits="0" branch="false"/>
						<line number="818" hits="0" branch="false"/>
						<line number="819" hits="0" branch="false"/>
						<line number="821" hits="0" branch="false"/>
						<line number="825" hits="0" branch="false"/>
						<line number="826" hits="0" branch="true" condition-coverage="0% (0/4)">
							<conditions>
								<condition number="0" type="jump" coverage="0%"/>
								<condition number="1" type="jump" coverage="0%"/>
							</conditions>
						</line>
						<line number="828" hits="0" branch="false"/>
						<line number="831" hits="0" branch="false"/>
						<line number="834" hits="0" branch="false"/>
						<line number="836" hits="0" branch="false"/>
						<line number="848" hits="33" branch="false"/>
						<line number="849" hits="33" branch="false"/>
						<line number="857" hits="26" branch="false"/>
						<line number="866" hits="6" branch="false"/>
						<line number="892" hits="1" branch="false"/>
						<line number="893" hits="1" branch="false"/>
						<line number="902" hits="1" branch="false"/>
						<line number="903" hits="1" branch="false"/>
						<line number="915" hits="1" branch="false"/>
						<line number="916" hits="1" branch="false"/>
						<line number="930" hits="1" branch="false"/>
						<line number="931" hits="1" branch="false"/>
						<line number="946" hits="1" branch="false"/>
						<line number="947" hits="1" branch="false"/>
						<line number="957" hits="1" branch="false"/>
						<line number="958" hits="1" branch="false"/>
						<line number="970" hits="1" branch="false"/>
						<line number="971" hits="1" branch="false"/>
					</lines>
				</class>
				<class name="edu.wustl.dao.DAO" filename="edu/wustl/dao/DAO.java" line-rate="1.0" branch-rate="1.0" complexity="0.0">
					<methods>
					</methods>
					<lines>
					</lines>
				</class>
				<class name="edu.wustl.dao.DB2DAOImpl" filename="edu/wustl/dao/DB2DAOImpl.java" line-rate="0.0" branch-rate="0.0" complexity="0.0">
					<methods>
						<method name="&lt;clinit&gt;" signature="()V" line-rate="0.0" branch-rate="1.0">
							<lines>
								<line number="21" hits="0" branch="false"/>
							</lines>
						</method>
						<method name="&lt;init&gt;" signature="()V" line-rate="0.0" branch-rate="1.0">
							<lines>
								<line number="16" hits="0" branch="false"/>
							</lines>
						</method>
						<method name="delete" signature="(Ljava/lang/String;)V" line-rate="0.0" branch-rate="0.0">
							<lines>
								<line number="30" hits="0" branch="false"/>
								<line number="31" hits="0" branch="false"/>
								<line number="36" hits="0" branch="false"/>
								<line number="38" hits="0" branch="false"/>
								<line number="40" hits="0" branch="false"/>
								<line number="42" hits="0" branch="true" condition-coverage="0% (0/2)">
									<conditions>
										<condition number="0" type="jump" coverage="0%"/>
									</conditions>
								</line>
								<line number="45" hits="0" branch="false"/>
								<line number="49" hits="0" branch="false"/>
								<line number="52" hits="0" branch="false"/>
								<line number="53" hits="0" branch="false"/>
								<line number="55" hits="0" branch="false"/>
								<line number="56" hits="0" branch="false"/>
							</lines>
						</method>
						<method name="formatMessage" signature="(Ljava/lang/Exception;[Ljava/lang/Object;)Ljava/lang/String;" line-rate="0.0" branch-rate="1.0">
							<lines>
								<line number="82" hits="0" branch="false"/>
							</lines>
						</method>
						<method name="getDateFormatFunction" signature="()Ljava/lang/String;" line-rate="0.0" branch-rate="1.0">
							<lines>
								<line number="91" hits="0" branch="false"/>
							</lines>
						</method>
						<method name="getDatePattern" signature="()Ljava/lang/String;" line-rate="0.0" branch-rate="1.0">
							<lines>
								<line number="100" hits="0" branch="false"/>
							</lines>
						</method>
						<method name="getDateTostrFunction" signature="()Ljava/lang/String;" line-rate="0.0" branch-rate="1.0">
							<lines>
								<line number="108" hits="0" branch="false"/>
							</lines>
						</method>
						<method name="getQueryResultList" signature="(Ledu/wustl/common/util/QueryParams;)Ledu/wustl/common/dao/queryExecutor/PagenatedResultData;" line-rate="0.0" branch-rate="1.0">
							<lines>
								<line number="71" hits="0" branch="false"/>
							</lines>
						</method>
						<method name="getStrTodateFunction" signature="()Ljava/lang/String;" line-rate="0.0" branch-rate="1.0">
							<lines>
								<line number="116" hits="0" branch="false"/>
							</lines>
						</method>
						<method name="getTimeFormatFunction" signature="()Ljava/lang/String;" line-rate="0.0" branch-rate="1.0">
							<lines>
								<line number="125" hits="0" branch="false"/>
							</lines>
						</method>
						<method name="getTimePattern" signature="()Ljava/lang/String;" line-rate="0.0" branch-rate="1.0">
							<lines>
								<line number="134" hits="0" branch="false"/>
							</lines>
						</method>
					</methods>
					<lines>
						<line number="16" hits="0" branch="false"/>
						<line number="21" hits="0" branch="false"/>
						<line number="30" hits="0" branch="false"/>
						<line number="31" hits="0" branch="false"/>
						<line number="36" hits="0" branch="false"/>
						<line number="38" hits="0" branch="false"/>
						<line number="40" hits="0" branch="false"/>
						<line number="42" hits="0" branch="true" condition-coverage="0% (0/2)">
							<conditions>
								<condition number="0" type="jump" coverage="0%"/>
							</conditions>
						</line>
						<line number="45" hits="0" branch="false"/>
						<line number="49" hits="0" branch="false"/>
						<line number="52" hits="0" branch="false"/>
						<line number="53" hits="0" branch="false"/>
						<line number="55" hits="0" branch="false"/>
						<line number="56" hits="0" branch="false"/>
						<line number="71" hits="0" branch="false"/>
						<line number="82" hits="0" branch="false"/>
						<line number="91" hits="0" branch="false"/>
						<line number="100" hits="0" branch="false"/>
						<line number="108" hits="0" branch="false"/>
						<line number="116" hits="0" branch="false"/>
						<line number="125" hits="0" branch="false"/>
						<line number="134" hits="0" branch="false"/>
					</lines>
				</class>
				<class name="edu.wustl.dao.HibernateDAO" filename="edu/wustl/dao/HibernateDAO.java" line-rate="1.0" branch-rate="1.0" complexity="0.0">
					<methods>
					</methods>
					<lines>
					</lines>
				</class>
				<class name="edu.wustl.dao.HibernateDAOImpl" filename="edu/wustl/dao/HibernateDAOImpl.java" line-rate="0.6289308176100629" branch-rate="0.53125" complexity="0.0">
					<methods>
						<method name="&lt;clinit&gt;" signature="()V" line-rate="1.0" branch-rate="1.0">
							<lines>
								<line number="50" hits="1" branch="false"/>
							</lines>
						</method>
						<method name="&lt;init&gt;" signature="()V" line-rate="1.0" branch-rate="1.0">
							<lines>
								<line number="44" hits="23" branch="false"/>
								<line number="56" hits="23" branch="false"/>
								<line number="60" hits="23" branch="false"/>
								<line number="68" hits="23" branch="false"/>
							</lines>
						</method>
						<method name="addAuditEventLogs" signature="(Ljava/util/Collection;)V" line-rate="0.0" branch-rate="1.0">
							<lines>
								<line number="347" hits="0" branch="false"/>
								<line number="348" hits="0" branch="false"/>
							</lines>
						</method>
						<method name="audit" signature="(Ljava/lang/Object;Ljava/lang/Object;Ledu/wustl/common/beans/SessionDataBean;Z)V" line-rate="0.0" branch-rate="0.0">
							<lines>
								<line number="328" hits="0" branch="true" condition-coverage="0% (0/4)">
									<conditions>
										<condition number="0" type="jump" coverage="0%"/>
										<condition number="1" type="jump" coverage="0%"/>
									</conditions>
								</line>
								<line number="330" hits="0" branch="false"/>
								<line number="334" hits="0" branch="false"/>
								<line number="336" hits="0" branch="false"/>
								<line number="337" hits="0" branch="false"/>
								<line number="338" hits="0" branch="false"/>
								<line number="339" hits="0" branch="false"/>
							</lines>
						</method>
						<method name="closeSession" signature="()V" line-rate="0.6666666666666666" branch-rate="1.0">
							<lines>
								<line number="121" hits="18" branch="false"/>
								<line number="123" hits="0" branch="false"/>
								<line number="126" hits="0" branch="false"/>
								<line number="127" hits="0" branch="false"/>
								<line number="129" hits="18" branch="false"/>
								<line number="130" hits="18" branch="false"/>
								<line number="131" hits="18" branch="false"/>
								<line number="132" hits="18" branch="false"/>
								<line number="133" hits="18" branch="false"/>
							</lines>
						</method>
						<method name="commit" signature="()V" line-rate="0.45454545454545453" branch-rate="0.5">
							<lines>
								<line number="144" hits="6" branch="false"/>
								<line number="146" hits="6" branch="true" condition-coverage="50% (1/2)">
									<conditions>
										<condition number="0" type="jump" coverage="50%"/>
									</conditions>
								</line>
								<line number="148" hits="6" branch="false"/>
								<line number="151" hits="0" branch="false"/>
								<line number="154" hits="0" branch="false"/>
								<line number="155" hits="0" branch="false"/>
								<line number="158" hits="0" branch="false"/>
								<line number="160" hits="0" branch="false"/>
								<line number="161" hits="0" branch="false"/>
								<line number="163" hits="6" branch="false"/>
								<line number="164" hits="6" branch="false"/>
							</lines>
						</method>
						<method name="delete" signature="(Ljava/lang/Object;)V" line-rate="0.5" branch-rate="1.0">
							<lines>
								<line number="359" hits="1" branch="false"/>
								<line number="362" hits="0" branch="false"/>
								<line number="365" hits="0" branch="false"/>
								<line number="366" hits="0" branch="false"/>
								<line number="367" hits="1" branch="false"/>
								<line number="368" hits="1" branch="false"/>
							</lines>
						</method>
						<method name="disableRelatedObjects" signature="(Ljava/lang/String;Ljava/lang/String;[Ljava/lang/Long;)V" line-rate="0.8" branch-rate="1.0">
							<lines>
								<line number="211" hits="1" branch="false"/>
								<line number="214" hits="1" branch="false"/>
								<line number="217" hits="1" branch="false"/>
								<line number="218" hits="3" branch="true" condition-coverage="100% (2/2)">
									<conditions>
										<condition number="0" type="jump" coverage="100%"/>
									</conditions>
								</line>
								<line number="220" hits="2" branch="false"/>
								<line number="221" hits="2" branch="true" condition-coverage="100% (2/2)">
									<conditions>
										<condition number="0" type="jump" coverage="100%"/>
									</conditions>
								</line>
								<line number="223" hits="1" branch="false"/>
								<line number="226" hits="1" branch="false"/>
								<line number="230" hits="1" branch="false"/>
								<line number="232" hits="0" branch="false"/>
								<line number="235" hits="0" branch="false"/>
								<line number="236" hits="0" branch="false"/>
								<line number="241" hits="1" branch="false"/>
								<line number="242" hits="1" branch="false"/>
								<line number="244" hits="1" branch="false"/>
							</lines>
						</method>
						<method name="executeQuery" signature="(Ljava/lang/String;Ledu/wustl/common/beans/SessionDataBean;ZLjava/util/Map;)Ljava/util/List;" line-rate="0.5714285714285714" branch-rate="1.0">
							<lines>
								<line number="526" hits="1" branch="false"/>
								<line number="527" hits="1" branch="false"/>
								<line number="530" hits="0" branch="false"/>
								<line number="532" hits="0" branch="false"/>
								<line number="533" hits="0" branch="false"/>
								<line number="534" hits="1" branch="false"/>
								<line number="536" hits="1" branch="false"/>
							</lines>
						</method>
						<method name="generateFromPartOfQuery" signature="(Ljava/lang/String;Ljava/lang/StringBuffer;Ljava/lang/String;)V" line-rate="1.0" branch-rate="1.0">
							<lines>
								<line number="463" hits="7" branch="false"/>
								<line number="465" hits="7" branch="false"/>
							</lines>
						</method>
						<method name="generateSelectPartOfQuery" signature="([Ljava/lang/String;Ljava/lang/StringBuffer;Ljava/lang/String;)V" line-rate="1.0" branch-rate="0.875">
							<lines>
								<line number="585" hits="7" branch="true" condition-coverage="75% (3/4)">
									<conditions>
										<condition number="0" type="jump" coverage="100%"/>
										<condition number="1" type="jump" coverage="50%"/>
									</conditions>
								</line>
								<line number="587" hits="1" branch="false"/>
								<line number="588" hits="5" branch="true" condition-coverage="100% (2/2)">
									<conditions>
										<condition number="0" type="jump" coverage="100%"/>
									</conditions>
								</line>
								<line number="590" hits="4" branch="false"/>
								<line number="592" hits="4" branch="true" condition-coverage="100% (2/2)">
									<conditions>
										<condition number="0" type="jump" coverage="100%"/>
									</conditions>
								</line>
								<line number="594" hits="3" branch="false"/>
								<line number="597" hits="1" branch="false"/>
								<line number="599" hits="7" branch="false"/>
							</lines>
						</method>
						<method name="getConnectionManager" signature="()Ledu/wustl/dao/connectionmanager/IConnectionManager;" line-rate="1.0" branch-rate="1.0">
							<lines>
								<line number="617" hits="22" branch="false"/>
							</lines>
						</method>
						<method name="insert" signature="(Ljava/lang/Object;Ledu/wustl/common/beans/SessionDataBean;ZZ)V" line-rate="0.45454545454545453" branch-rate="1.0">
							<lines>
								<line number="259" hits="2" branch="false"/>
								<line number="260" hits="2" branch="false"/>
								<line number="261" hits="2" branch="false"/>
								<line number="263" hits="0" branch="false"/>
								<line number="265" hits="0" branch="false"/>
								<line number="266" hits="0" branch="false"/>
								<line number="269" hits="0" branch="false"/>
								<line number="271" hits="0" branch="false"/>
								<line number="272" hits="0" branch="false"/>
								<line number="273" hits="2" branch="false"/>
								<line number="276" hits="2" branch="false"/>
							</lines>
						</method>
						<method name="isObjectAuditable" signature="(Ljava/lang/Object;Z)V" line-rate="0.6666666666666666" branch-rate="0.25">
							<lines>
								<line number="287" hits="2" branch="true" condition-coverage="25% (1/4)">
									<conditions>
										<condition number="0" type="jump" coverage="50%"/>
										<condition number="1" type="jump" coverage="0%"/>
									</conditions>
								</line>
								<line number="289" hits="0" branch="false"/>
								<line number="291" hits="2" branch="false"/>
							</lines>
						</method>
						<method name="loadCleanObj" signature="(Ljava/lang/Class;Ljava/lang/Long;)Ljava/lang/Object;" line-rate="1.0" branch-rate="0.5">
							<lines>
								<line number="632" hits="1" branch="false"/>
								<line number="635" hits="1" branch="false"/>
								<line number="636" hits="1" branch="false"/>
								<line number="640" hits="1" branch="true" condition-coverage="50% (1/2)">
									<conditions>
										<condition number="0" type="jump" coverage="50%"/>
									</conditions>
								</line>
								<line number="642" hits="1" branch="false"/>
								<line number="644" hits="1" branch="false"/>
							</lines>
						</method>
						<method name="loadCleanObj" signature="(Ljava/lang/String;Ljava/lang/Long;)Ljava/lang/Object;" line-rate="1.0" branch-rate="1.0">
							<lines>
								<line number="503" hits="1" branch="false"/>
								<line number="504" hits="1" branch="false"/>
								<line number="505" hits="1" branch="false"/>
							</lines>
						</method>
						<method name="openSession" signature="(Ledu/wustl/common/beans/SessionDataBean;)V" line-rate="0.5454545454545454" branch-rate="0.5">
							<lines>
								<line number="86" hits="19" branch="false"/>
								<line number="87" hits="19" branch="false"/>
								<line number="88" hits="19" branch="false"/>
								<line number="90" hits="19" branch="true" condition-coverage="50% (1/2)">
									<conditions>
										<condition number="0" type="jump" coverage="50%"/>
									</conditions>
								</line>
								<line number="92" hits="0" branch="false"/>
								<line number="93" hits="0" branch="false"/>
								<line number="103" hits="0" branch="false"/>
								<line number="106" hits="0" branch="false"/>
								<line number="107" hits="0" branch="false"/>
								<line number="109" hits="19" branch="false"/>
								<line number="110" hits="19" branch="false"/>
							</lines>
						</method>
						<method name="retrieve" signature="(Ljava/lang/String;)Ljava/util/List;" line-rate="1.0" branch-rate="1.0">
							<lines>
								<line number="378" hits="1" branch="false"/>
								<line number="379" hits="1" branch="false"/>
							</lines>
						</method>
						<method name="retrieve" signature="(Ljava/lang/String;Ljava/lang/Long;)Ljava/lang/Object;" line-rate="0.5" branch-rate="1.0">
							<lines>
								<line number="479" hits="2" branch="false"/>
								<line number="480" hits="2" branch="false"/>
								<line number="481" hits="2" branch="false"/>
								<line number="484" hits="0" branch="false"/>
								<line number="487" hits="0" branch="false"/>
								<line number="488" hits="0" branch="false"/>
							</lines>
						</method>
						<method name="retrieve" signature="(Ljava/lang/String;Ljava/lang/String;Ljava/lang/Object;)Ljava/util/List;" line-rate="1.0" branch-rate="1.0">
							<lines>
								<line number="393" hits="1" branch="false"/>
								<line number="395" hits="1" branch="false"/>
								<line number="396" hits="1" branch="false"/>
								<line number="398" hits="1" branch="false"/>
							</lines>
						</method>
						<method name="retrieve" signature="(Ljava/lang/String;[Ljava/lang/String;)Ljava/util/List;" line-rate="1.0" branch-rate="1.0">
							<lines>
								<line number="411" hits="1" branch="false"/>
							</lines>
						</method>
						<method name="retrieve" signature="(Ljava/lang/String;[Ljava/lang/String;Ledu/wustl/dao/QueryWhereClause;)Ljava/util/List;" line-rate="0.7692307692307693" branch-rate="1.0">
							<lines>
								<line number="429" hits="7" branch="false"/>
								<line number="430" hits="7" branch="false"/>
								<line number="433" hits="7" branch="false"/>
								<line number="434" hits="7" branch="false"/>
								<line number="436" hits="7" branch="true" condition-coverage="100% (2/2)">
									<conditions>
										<condition number="0" type="jump" coverage="100%"/>
									</conditions>
								</line>
								<line number="438" hits="5" branch="false"/>
								<line number="440" hits="7" branch="false"/>
								<line number="442" hits="7" branch="false"/>
								<line number="445" hits="0" branch="false"/>
								<line number="448" hits="0" branch="false"/>
								<line number="449" hits="0" branch="false"/>
								<line number="450" hits="7" branch="false"/>
								<line number="451" hits="7" branch="false"/>
							</lines>
						</method>
						<method name="retrieveAttribute" signature="(Ljava/lang/Class;Ljava/lang/Long;Ljava/lang/String;Ljava/lang/String;)Ljava/lang/Object;" line-rate="0.6666666666666666" branch-rate="1.0">
							<lines>
								<line number="553" hits="1" branch="false"/>
								<line number="554" hits="1" branch="false"/>
								<line number="555" hits="1" branch="false"/>
								<line number="557" hits="1" branch="false"/>
								<line number="559" hits="1" branch="false"/>
								<line number="568" hits="1" branch="false"/>
								<line number="570" hits="0" branch="false"/>
								<line number="572" hits="0" branch="false"/>
								<line number="573" hits="0" branch="false"/>
							</lines>
						</method>
						<method name="rollback" signature="()V" line-rate="0.0" branch-rate="0.0">
							<lines>
								<line number="181" hits="0" branch="true" condition-coverage="0% (0/2)">
									<conditions>
										<condition number="0" type="jump" coverage="0%"/>
									</conditions>
								</line>
								<line number="185" hits="0" branch="true" condition-coverage="0% (0/2)">
									<conditions>
										<condition number="0" type="jump" coverage="0%"/>
									</conditions>
								</line>
								<line number="187" hits="0" branch="false"/>
								<line number="190" hits="0" branch="false"/>
								<line number="193" hits="0" branch="false"/>
								<line number="194" hits="0" branch="false"/>
								<line number="196" hits="0" branch="false"/>
								<line number="198" hits="0" branch="false"/>
							</lines>
						</method>
						<method name="setConnectionManager" signature="(Ledu/wustl/dao/connectionmanager/IConnectionManager;)V" line-rate="1.0" branch-rate="1.0">
							<lines>
								<line number="607" hits="23" branch="false"/>
								<line number="609" hits="23" branch="false"/>
							</lines>
						</method>
						<method name="update" signature="(Ljava/lang/Object;)V" line-rate="0.5714285714285714" branch-rate="1.0">
							<lines>
								<line number="303" hits="2" branch="false"/>
								<line number="304" hits="2" branch="false"/>
								<line number="307" hits="0" branch="false"/>
								<line number="309" hits="0" branch="false"/>
								<line number="310" hits="0" branch="false"/>
								<line number="312" hits="2" branch="false"/>
								<line number="313" hits="2" branch="false"/>
							</lines>
						</method>
					</methods>
					<lines>
						<line number="44" hits="23" branch="false"/>
						<line number="50" hits="1" branch="false"/>
						<line number="56" hits="23" branch="false"/>
						<line number="60" hits="23" branch="false"/>
						<line number="68" hits="23" branch="false"/>
						<line number="86" hits="19" branch="false"/>
						<line number="87" hits="19" branch="false"/>
						<line number="88" hits="19" branch="false"/>
						<line number="90" hits="19" branch="true" condition-coverage="50% (1/2)">
							<conditions>
								<condition number="0" type="jump" coverage="50%"/>
							</conditions>
						</line>
						<line number="92" hits="0" branch="false"/>
						<line number="93" hits="0" branch="false"/>
						<line number="103" hits="0" branch="false"/>
						<line number="106" hits="0" branch="false"/>
						<line number="107" hits="0" branch="false"/>
						<line number="109" hits="19" branch="false"/>
						<line number="110" hits="19" branch="false"/>
						<line number="121" hits="18" branch="false"/>
						<line number="123" hits="0" branch="false"/>
						<line number="126" hits="0" branch="false"/>
						<line number="127" hits="0" branch="false"/>
						<line number="129" hits="18" branch="false"/>
						<line number="130" hits="18" branch="false"/>
						<line number="131" hits="18" branch="false"/>
						<line number="132" hits="18" branch="false"/>
						<line number="133" hits="18" branch="false"/>
						<line number="144" hits="6" branch="false"/>
						<line number="146" hits="6" branch="true" condition-coverage="50% (1/2)">
							<conditions>
								<condition number="0" type="jump" coverage="50%"/>
							</conditions>
						</line>
						<line number="148" hits="6" branch="false"/>
						<line number="151" hits="0" branch="false"/>
						<line number="154" hits="0" branch="false"/>
						<line number="155" hits="0" branch="false"/>
						<line number="158" hits="0" branch="false"/>
						<line number="160" hits="0" branch="false"/>
						<line number="161" hits="0" branch="false"/>
						<line number="163" hits="6" branch="false"/>
						<line number="164" hits="6" branch="false"/>
						<line number="181" hits="0" branch="true" condition-coverage="0% (0/2)">
							<conditions>
								<condition number="0" type="jump" coverage="0%"/>
							</conditions>
						</line>
						<line number="185" hits="0" branch="true" condition-coverage="0% (0/2)">
							<conditions>
								<condition number="0" type="jump" coverage="0%"/>
							</conditions>
						</line>
						<line number="187" hits="0" branch="false"/>
						<line number="190" hits="0" branch="false"/>
						<line number="193" hits="0" branch="false"/>
						<line number="194" hits="0" branch="false"/>
						<line number="196" hits="0" branch="false"/>
						<line number="198" hits="0" branch="false"/>
						<line number="211" hits="1" branch="false"/>
						<line number="214" hits="1" branch="false"/>
						<line number="217" hits="1" branch="false"/>
						<line number="218" hits="3" branch="true" condition-coverage="100% (2/2)">
							<conditions>
								<condition number="0" type="jump" coverage="100%"/>
							</conditions>
						</line>
						<line number="220" hits="2" branch="false"/>
						<line number="221" hits="2" branch="true" condition-coverage="100% (2/2)">
							<conditions>
								<condition number="0" type="jump" coverage="100%"/>
							</conditions>
						</line>
						<line number="223" hits="1" branch="false"/>
						<line number="226" hits="1" branch="false"/>
						<line number="230" hits="1" branch="false"/>
						<line number="232" hits="0" branch="false"/>
						<line number="235" hits="0" branch="false"/>
						<line number="236" hits="0" branch="false"/>
						<line number="241" hits="1" branch="false"/>
						<line number="242" hits="1" branch="false"/>
						<line number="244" hits="1" branch="false"/>
						<line number="259" hits="2" branch="false"/>
						<line number="260" hits="2" branch="false"/>
						<line number="261" hits="2" branch="false"/>
						<line number="263" hits="0" branch="false"/>
						<line number="265" hits="0" branch="false"/>
						<line number="266" hits="0" branch="false"/>
						<line number="269" hits="0" branch="false"/>
						<line number="271" hits="0" branch="false"/>
						<line number="272" hits="0" branch="false"/>
						<line number="273" hits="2" branch="false"/>
						<line number="276" hits="2" branch="false"/>
						<line number="287" hits="2" branch="true" condition-coverage="25% (1/4)">
							<conditions>
								<condition number="0" type="jump" coverage="50%"/>
								<condition number="1" type="jump" coverage="0%"/>
							</conditions>
						</line>
						<line number="289" hits="0" branch="false"/>
						<line number="291" hits="2" branch="false"/>
						<line number="303" hits="2" branch="false"/>
						<line number="304" hits="2" branch="false"/>
						<line number="307" hits="0" branch="false"/>
						<line number="309" hits="0" branch="false"/>
						<line number="310" hits="0" branch="false"/>
						<line number="312" hits="2" branch="false"/>
						<line number="313" hits="2" branch="false"/>
						<line number="328" hits="0" branch="true" condition-coverage="0% (0/4)">
							<conditions>
								<condition number="0" type="jump" coverage="0%"/>
								<condition number="1" type="jump" coverage="0%"/>
							</conditions>
						</line>
						<line number="330" hits="0" branch="false"/>
						<line number="334" hits="0" branch="false"/>
						<line number="336" hits="0" branch="false"/>
						<line number="337" hits="0" branch="false"/>
						<line number="338" hits="0" branch="false"/>
						<line number="339" hits="0" branch="false"/>
						<line number="347" hits="0" branch="false"/>
						<line number="348" hits="0" branch="false"/>
						<line number="359" hits="1" branch="false"/>
						<line number="362" hits="0" branch="false"/>
						<line number="365" hits="0" branch="false"/>
						<line number="366" hits="0" branch="false"/>
						<line number="367" hits="1" branch="false"/>
						<line number="368" hits="1" branch="false"/>
						<line number="378" hits="1" branch="false"/>
						<line number="379" hits="1" branch="false"/>
						<line number="393" hits="1" branch="false"/>
						<line number="395" hits="1" branch="false"/>
						<line number="396" hits="1" branch="false"/>
						<line number="398" hits="1" branch="false"/>
						<line number="411" hits="1" branch="false"/>
						<line number="429" hits="7" branch="false"/>
						<line number="430" hits="7" branch="false"/>
						<line number="433" hits="7" branch="false"/>
						<line number="434" hits="7" branch="false"/>
						<line number="436" hits="7" branch="true" condition-coverage="100% (2/2)">
							<conditions>
								<condition number="0" type="jump" coverage="100%"/>
							</conditions>
						</line>
						<line number="438" hits="5" branch="false"/>
						<line number="440" hits="7" branch="false"/>
						<line number="442" hits="7" branch="false"/>
						<line number="445" hits="0" branch="false"/>
						<line number="448" hits="0" branch="false"/>
						<line number="449" hits="0" branch="false"/>
						<line number="450" hits="7" branch="false"/>
						<line number="451" hits="7" branch="false"/>
						<line number="463" hits="7" branch="false"/>
						<line number="465" hits="7" branch="false"/>
						<line number="479" hits="2" branch="false"/>
						<line number="480" hits="2" branch="false"/>
						<line number="481" hits="2" branch="false"/>
						<line number="484" hits="0" branch="false"/>
						<line number="487" hits="0" branch="false"/>
						<line number="488" hits="0" branch="false"/>
						<line number="503" hits="1" branch="false"/>
						<line number="504" hits="1" branch="false"/>
						<line number="505" hits="1" branch="false"/>
						<line number="526" hits="1" branch="false"/>
						<line number="527" hits="1" branch="false"/>
						<line number="530" hits="0" branch="false"/>
						<line number="532" hits="0" branch="false"/>
						<line number="533" hits="0" branch="false"/>
						<line number="534" hits="1" branch="false"/>
						<line number="536" hits="1" branch="false"/>
						<line number="553" hits="1" branch="false"/>
						<line number="554" hits="1" branch="false"/>
						<line number="555" hits="1" branch="false"/>
						<line number="557" hits="1" branch="false"/>
						<line number="559" hits="1" branch="false"/>
						<line number="568" hits="1" branch="false"/>
						<line number="570" hits="0" branch="false"/>
						<line number="572" hits="0" branch="false"/>
						<line number="573" hits="0" branch="false"/>
						<line number="585" hits="7" branch="true" condition-coverage="75% (3/4)">
							<conditions>
								<condition number="0" type="jump" coverage="100%"/>
								<condition number="1" type="jump" coverage="50%"/>
							</conditions>
						</line>
						<line number="587" hits="1" branch="false"/>
						<line number="588" hits="5" branch="true" condition-coverage="100% (2/2)">
							<conditions>
								<condition number="0" type="jump" coverage="100%"/>
							</conditions>
						</line>
						<line number="590" hits="4" branch="false"/>
						<line number="592" hits="4" branch="true" condition-coverage="100% (2/2)">
							<conditions>
								<condition number="0" type="jump" coverage="100%"/>
							</conditions>
						</line>
						<line number="594" hits="3" branch="false"/>
						<line number="597" hits="1" branch="false"/>
						<line number="599" hits="7" branch="false"/>
						<line number="607" hits="23" branch="false"/>
						<line number="609" hits="23" branch="false"/>
						<line number="617" hits="22" branch="false"/>
						<line number="632" hits="1" branch="false"/>
						<line number="635" hits="1" branch="false"/>
						<line number="636" hits="1" branch="false"/>
						<line number="640" hits="1" branch="true" condition-coverage="50% (1/2)">
							<conditions>
								<condition number="0" type="jump" coverage="50%"/>
							</conditions>
						</line>
						<line number="642" hits="1" branch="false"/>
						<line number="644" hits="1" branch="false"/>
					</lines>
				</class>
				<class name="edu.wustl.dao.JDBCDAO" filename="edu/wustl/dao/JDBCDAO.java" line-rate="1.0" branch-rate="1.0" complexity="0.0">
					<methods>
					</methods>
					<lines>
					</lines>
				</class>
				<class name="edu.wustl.dao.MySQLDAOImpl" filename="edu/wustl/dao/MySQLDAOImpl.java" line-rate="0.0" branch-rate="0.0" complexity="1.4444444444444444">
					<methods>
						<method name="&lt;clinit&gt;" signature="()V" line-rate="0.0" branch-rate="1.0">
							<lines>
								<line number="23" hits="0" branch="false"/>
							</lines>
						</method>
						<method name="&lt;init&gt;" signature="()V" line-rate="0.0" branch-rate="1.0">
							<lines>
								<line number="17" hits="0" branch="false"/>
							</lines>
						</method>
						<method name="delete" signature="(Ljava/lang/String;)V" line-rate="0.0" branch-rate="1.0">
							<lines>
								<line number="33" hits="0" branch="false"/>
								<line number="34" hits="0" branch="false"/>
								<line number="35" hits="0" branch="false"/>
							</lines>
						</method>
						<method name="formatMessage" signature="(Ljava/lang/Exception;[Ljava/lang/Object;)Ljava/lang/String;" line-rate="0.0" branch-rate="0.0">
							<lines>
								<line number="108" hits="0" branch="false"/>
								<line number="109" hits="0" branch="false"/>
								<line number="110" hits="0" branch="false"/>
								<line number="113" hits="0" branch="true" condition-coverage="0% (0/2)">
									<conditions>
										<condition number="0" type="jump" coverage="0%"/>
									</conditions>
								</line>
								<line number="115" hits="0" branch="false"/>
								<line number="118" hits="0" branch="false"/>
								<line number="119" hits="0" branch="false"/>
								<line number="122" hits="0" branch="false"/>
								<line number="125" hits="0" branch="false"/>
								<line number="126" hits="0" branch="false"/>
								<line number="127" hits="0" branch="false"/>
							</lines>
						</method>
						<method name="getDateFormatFunction" signature="()Ljava/lang/String;" line-rate="0.0" branch-rate="1.0">
							<lines>
								<line number="57" hits="0" branch="false"/>
							</lines>
						</method>
						<method name="getDatePattern" signature="()Ljava/lang/String;" line-rate="0.0" branch-rate="1.0">
							<lines>
								<line number="42" hits="0" branch="false"/>
							</lines>
						</method>
						<method name="getDateTostrFunction" signature="()Ljava/lang/String;" line-rate="0.0" branch-rate="1.0">
							<lines>
								<line number="72" hits="0" branch="false"/>
							</lines>
						</method>
						<method name="getQueryResultList" signature="(Ledu/wustl/common/util/QueryParams;)Ledu/wustl/common/dao/queryExecutor/PagenatedResultData;" line-rate="0.0" branch-rate="1.0">
							<lines>
								<line number="140" hits="0" branch="false"/>
								<line number="143" hits="0" branch="false"/>
								<line number="144" hits="0" branch="false"/>
								<line number="145" hits="0" branch="false"/>
								<line number="148" hits="0" branch="false"/>
								<line number="150" hits="0" branch="false"/>
								<line number="151" hits="0" branch="false"/>
								<line number="152" hits="0" branch="false"/>
								<line number="153" hits="0" branch="false"/>
							</lines>
						</method>
						<method name="getStrTodateFunction" signature="()Ljava/lang/String;" line-rate="0.0" branch-rate="1.0">
							<lines>
								<line number="80" hits="0" branch="false"/>
							</lines>
						</method>
						<method name="getTimeFormatFunction" signature="()Ljava/lang/String;" line-rate="0.0" branch-rate="1.0">
							<lines>
								<line number="64" hits="0" branch="false"/>
							</lines>
						</method>
						<method name="getTimePattern" signature="()Ljava/lang/String;" line-rate="0.0" branch-rate="1.0">
							<lines>
								<line number="50" hits="0" branch="false"/>
							</lines>
						</method>
					</methods>
					<lines>
						<line number="17" hits="0" branch="false"/>
						<line number="23" hits="0" branch="false"/>
						<line number="33" hits="0" branch="false"/>
						<line number="34" hits="0" branch="false"/>
						<line number="35" hits="0" branch="false"/>
						<line number="42" hits="0" branch="false"/>
						<line number="50" hits="0" branch="false"/>
						<line number="57" hits="0" branch="false"/>
						<line number="64" hits="0" branch="false"/>
						<line number="72" hits="0" branch="false"/>
						<line number="80" hits="0" branch="false"/>
						<line number="108" hits="0" branch="false"/>
						<line number="109" hits="0" branch="false"/>
						<line number="110" hits="0" branch="false"/>
[...]
						<line number="335" hits="2" branch="false"/>
						<line number="337" hits="2" branch="false"/>
						<line number="340" hits="2" branch="false"/>
						<line number="341" hits="2" branch="false"/>
						<line number="344" hits="2" branch="false"/>
						<line number="345" hits="2" branch="false"/>
						<line number="347" hits="2" branch="false"/>
						<line number="348" hits="2" branch="false"/>
						<line number="350" hits="0" branch="false"/>
						<line number="352" hits="0" branch="false"/>
						<line number="353" hits="0" branch="false"/>
						<line number="366" hits="2" branch="false"/>
						<line number="367" hits="2" branch="false"/>
						<line number="375" hits="2" branch="false"/>
						<line number="376" hits="2" branch="false"/>
						<line number="384" hits="2" branch="false"/>
						<line number="385" hits="2" branch="false"/>
						<line number="393" hits="4" branch="false"/>
						<line number="394" hits="4" branch="false"/>
						<line number="402" hits="2" branch="false"/>
						<line number="411" hits="1" branch="false"/>
						<line number="420" hits="1" branch="false"/>
						<line number="429" hits="1" branch="false"/>
						<line number="438" hits="1" branch="false"/>
						<line number="447" hits="2" branch="false"/>
						<line number="448" hits="2" branch="false"/>
						<line number="456" hits="1" branch="false"/>
						<line number="465" hits="2" branch="false"/>
						<line number="466" hits="2" branch="false"/>
						<line number="474" hits="1" branch="false"/>
						<line number="483" hits="2" branch="false"/>
						<line number="484" hits="2" branch="false"/>
						<line number="492" hits="56" branch="false"/>
						<line number="501" hits="2" branch="false"/>
						<line number="502" hits="2" branch="false"/>
					</lines>
				</class>
				<class name="edu.wustl.dao.daofactory.IDAOFactory" filename="edu/wustl/dao/daofactory/IDAOFactory.java" line-rate="1.0" branch-rate="1.0" complexity="1.0">
					<methods>
					</methods>
					<lines>
					</lines>
				</class>
			</classes>
		</package>
		<package name="edu.wustl.dao.exception" line-rate="0.38461538461538464" branch-rate="0.0" complexity="1.25">
			<classes>
				<class name="edu.wustl.dao.exception.DAOException" filename="edu/wustl/dao/exception/DAOException.java" line-rate="0.38461538461538464" branch-rate="0.0" complexity="1.25">
					<methods>
						<method name="&lt;init&gt;" signature="(Ledu/wustl/common/exception/ErrorKey;Ljava/lang/Throwable;Ljava/lang/String;)V" line-rate="1.0" branch-rate="1.0">
							<lines>
								<line number="34" hits="7" branch="false"/>
								<line number="35" hits="7" branch="false"/>
							</lines>
						</method>
						<method name="&lt;init&gt;" signature="(Ledu/wustl/common/exception/ErrorKey;Lorg/hibernate/HibernateException;Ljava/lang/String;)V" line-rate="0.0" branch-rate="1.0">
							<lines>
								<line number="46" hits="0" branch="false"/>
								<line number="47" hits="0" branch="false"/>
								<line number="48" hits="0" branch="false"/>
							</lines>
						</method>
						<method name="generateErrorMessage" signature="(Lorg/hibernate/HibernateException;)Ljava/lang/String;" line-rate="0.0" branch-rate="0.0">
							<lines>
								<line number="73" hits="0" branch="false"/>
								<line number="74" hits="0" branch="false"/>
								<line number="76" hits="0" branch="true" condition-coverage="0% (0/2)">
									<conditions>
										<condition number="0" type="jump" coverage="0%"/>
									</conditions>
								</line>
								<line number="78" hits="0" branch="false"/>
								<line number="80" hits="0" branch="false"/>
							</lines>
						</method>
						<method name="getLogMessage" signature="()Ljava/lang/String;" line-rate="1.0" branch-rate="1.0">
							<lines>
								<line number="60" hits="14" branch="false"/>
								<line number="61" hits="14" branch="false"/>
								<line number="62" hits="14" branch="false"/>
							</lines>
						</method>
					</methods>
					<lines>
						<line number="34" hits="7" branch="false"/>
						<line number="35" hits="7" branch="false"/>
						<line number="46" hits="0" branch="false"/>
						<line number="47" hits="0" branch="false"/>
						<line number="48" hits="0" branch="false"/>
						<line number="60" hits="14" branch="false"/>
						<line number="61" hits="14" branch="false"/>
						<line number="62" hits="14" branch="false"/>
						<line number="73" hits="0" branch="false"/>
						<line number="74" hits="0" branch="false"/>
						<line number="76" hits="0" branch="true" condition-coverage="0% (0/2)">
							<conditions>
								<condition number="0" type="jump" coverage="0%"/>
							</conditions>
						</line>
						<line number="78" hits="0" branch="false"/>
						<line number="80" hits="0" branch="false"/>
					</lines>
				</class>
			</classes>
		</package>
		<package name="edu.wustl.dao.util" line-rate="0.6904761904761905" branch-rate="0.625" complexity="2.5">
			<classes>
				<class name="edu.wustl.dao.util.DAOConstants" filename="edu/wustl/dao/util/DAOConstants.java" line-rate="0.0" branch-rate="1.0" complexity="0.0">
					<methods>
						<method name="&lt;init&gt;" signature="()V" line-rate="0.0" branch-rate="1.0">
							<lines>
								<line number="7" hits="0" branch="false"/>
							</lines>
						</method>
					</methods>
					<lines>
						<line number="7" hits="0" branch="false"/>
					</lines>
				</class>
				<class name="edu.wustl.dao.util.DAOUtility" filename="edu/wustl/dao/util/DAOUtility.java" line-rate="0.7894736842105263" branch-rate="0.3333333333333333" complexity="1.4">
					<methods>
						<method name="&lt;clinit&gt;" signature="()V" line-rate="1.0" branch-rate="1.0">
							<lines>
								<line number="16" hits="1" branch="false"/>
								<line number="36" hits="1" branch="false"/>
							</lines>
						</method>
						<method name="&lt;init&gt;" signature="()V" line-rate="1.0" branch-rate="1.0">
							<lines>
								<line number="21" hits="1" branch="false"/>
								<line number="23" hits="1" branch="false"/>
							</lines>
						</method>
						<method name="createAttributeNameForHQL" signature="(Ljava/lang/String;Ljava/lang/String;)Ljava/lang/String;" line-rate="0.5" branch-rate="0.5">
							<lines>
								<line number="57" hits="5" branch="true" condition-coverage="50% (1/2)">
									<conditions>
										<condition number="0" type="jump" coverage="50%"/>
									</conditions>
								</line>
								<line number="59" hits="0" branch="false"/>
								<line number="60" hits="0" branch="false"/>
								<line number="62" hits="0" branch="false"/>
								<line number="65" hits="5" branch="false"/>
								<line number="67" hits="5" branch="false"/>
							</lines>
						</method>
						<method name="getInstance" signature="()Ledu/wustl/dao/util/DAOUtility;" line-rate="1.0" branch-rate="1.0">
							<lines>
								<line number="30" hits="30" branch="false"/>
							</lines>
						</method>
						<method name="isColumnNameContainsElements" signature="(Ljava/lang/String;)Z" line-rate="1.0" branch-rate="0.25">
							<lines>
								<line number="77" hits="5" branch="false"/>
								<line number="78" hits="5" branch="false"/>
								<line number="79" hits="5" branch="true" condition-coverage="25% (1/4)">
									<conditions>
										<condition number="0" type="jump" coverage="50%"/>
										<condition number="1" type="jump" coverage="0%"/>
									</conditions>
								</line>
							</lines>
						</method>
						<method name="parseClassName" signature="(Ljava/lang/String;)Ljava/lang/String;" line-rate="0.8" branch-rate="1.0">
							<lines>
								<line number="89" hits="25" branch="false"/>
								<line number="92" hits="25" branch="false"/>
								<line number="95" hits="0" branch="false"/>
								<line number="98" hits="25" branch="false"/>
								<line number="99" hits="25" branch="false"/>
							</lines>
						</method>
					</methods>
					<lines>
						<line number="16" hits="1" branch="false"/>
						<line number="21" hits="1" branch="false"/>
						<line number="23" hits="1" branch="false"/>
						<line number="30" hits="30" branch="false"/>
						<line number="36" hits="1" branch="false"/>
						<line number="57" hits="5" branch="true" condition-coverage="50% (1/2)">
							<conditions>
								<condition number="0" type="jump" coverage="50%"/>
							</conditions>
						</line>
						<line number="59" hits="0" branch="false"/>
						<line number="60" hits="0" branch="false"/>
						<line number="62" hits="0" branch="false"/>
						<line number="65" hits="5" branch="false"/>
						<line number="67" hits="5" branch="false"/>
						<line number="77" hits="5" branch="false"/>
						<line number="78" hits="5" branch="false"/>
						<line number="79" hits="5" branch="true" condition-coverage="25% (1/4)">
							<conditions>
								<condition number="0" type="jump" coverage="50%"/>
								<condition number="1" type="jump" coverage="0%"/>
							</conditions>
						</line>
						<line number="89" hits="25" branch="false"/>
						<line number="92" hits="25" branch="false"/>
						<line number="95" hits="0" branch="false"/>
						<line number="98" hits="25" branch="false"/>
						<line number="99" hits="25" branch="false"/>
					</lines>
				</class>
				<class name="edu.wustl.dao.util.DatabaseConnectionParams" filename="edu/wustl/dao/util/DatabaseConnectionParams.java" line-rate="0.671875" branch-rate="0.8" complexity="3.111111111111111">
					<methods>
						<method name="&lt;clinit&gt;" signature="()V" line-rate="1.0" branch-rate="1.0">
							<lines>
								<line number="43" hits="1" branch="false"/>
							</lines>
						</method>
						<method name="&lt;init&gt;" signature="()V" line-rate="1.0" branch-rate="1.0">
							<lines>
								<line number="20" hits="11" branch="false"/>
							</lines>
						</method>
						<method name="closeConnectionParams" signature="()V" line-rate="0.7692307692307693" branch-rate="0.875">
							<lines>
								<line number="126" hits="14" branch="true" condition-coverage="50% (1/2)">
									<conditions>
										<condition number="0" type="jump" coverage="50%"/>
									</conditions>
								</line>
								<line number="128" hits="14" branch="false"/>
								<line number="130" hits="14" branch="true" condition-coverage="100% (2/2)">
									<conditions>
										<condition number="0" type="jump" coverage="100%"/>
									</conditions>
								</line>
								<line number="132" hits="7" branch="false"/>
								<line number="134" hits="14" branch="true" condition-coverage="100% (2/2)">
									<conditions>
										<condition number="0" type="jump" coverage="100%"/>
									</conditions>
								</line>
								<line number="136" hits="7" branch="false"/>
								<line number="138" hits="14" branch="true" condition-coverage="100% (2/2)">
									<conditions>
										<condition number="0" type="jump" coverage="100%"/>
									</conditions>
								</line>
								<line number="140" hits="11" branch="false"/>
								<line number="144" hits="0" branch="false"/>
								<line number="147" hits="0" branch="false"/>
								<line number="148" hits="0" branch="false"/>
								<line number="149" hits="14" branch="false"/>
								<line number="150" hits="14" branch="false"/>
							</lines>
						</method>
						<method name="executeUpdate" signature="(Ljava/lang/String;)V" line-rate="0.6666666666666666" branch-rate="1.0">
							<lines>
								<line number="181" hits="6" branch="false"/>
								<line number="184" hits="6" branch="false"/>
								<line number="185" hits="6" branch="false"/>
								<line number="187" hits="0" branch="false"/>
								<line number="190" hits="0" branch="false"/>
								<line number="191" hits="0" branch="false"/>
								<line number="196" hits="6" branch="false"/>
								<line number="197" hits="6" branch="false"/>
								<line number="198" hits="6" branch="false"/>
							</lines>
						</method>
						<method name="getConnection" signature="()Ljava/sql/Connection;" line-rate="1.0" branch-rate="1.0">
							<lines>
								<line number="205" hits="1" branch="false"/>
							</lines>
						</method>
						<method name="getDatabaseStatement" signature="()Ljava/sql/Statement;" line-rate="0.5" branch-rate="1.0">
							<lines>
								<line number="54" hits="5" branch="false"/>
								<line number="56" hits="0" branch="false"/>
								<line number="59" hits="0" branch="false"/>
								<line number="60" hits="0" branch="false"/>
								<line number="62" hits="5" branch="false"/>
								<line number="63" hits="5" branch="false"/>
							</lines>
						</method>
						<method name="getMetaData" signature="(Ljava/lang/String;)Ljava/sql/ResultSetMetaData;" line-rate="0.6666666666666666" branch-rate="1.0">
							<lines>
								<line number="99" hits="2" branch="false"/>
								<line number="103" hits="2" branch="false"/>
								<line number="104" hits="2" branch="false"/>
								<line number="105" hits="2" branch="false"/>
								<line number="107" hits="0" branch="false"/>
								<line number="110" hits="0" branch="false"/>
								<line number="111" hits="0" branch="false"/>
								<line number="113" hits="2" branch="false"/>
								<line number="115" hits="2" branch="false"/>
							</lines>
						</method>
						<method name="getPreparedStatement" signature="(Ljava/lang/String;)Ljava/sql/PreparedStatement;" line-rate="0.5" branch-rate="1.0">
							<lines>
								<line number="162" hits="8" branch="false"/>
								<line number="164" hits="0" branch="false"/>
								<line number="167" hits="0" branch="false"/>
								<line number="168" hits="0" branch="false"/>
								<line number="170" hits="8" branch="false"/>
								<line number="171" hits="8" branch="false"/>
							</lines>
						</method>
						<method name="getResultSet" signature="(Ljava/lang/String;)Ljava/sql/ResultSet;" line-rate="0.5714285714285714" branch-rate="1.0">
							<lines>
								<line number="77" hits="4" branch="false"/>
								<line number="78" hits="4" branch="false"/>
								<line number="80" hits="0" branch="false"/>
								<line number="83" hits="0" branch="false"/>
								<line number="84" hits="0" branch="false"/>
								<line number="86" hits="4" branch="false"/>
								<line number="87" hits="4" branch="false"/>
							</lines>
						</method>
						<method name="isResultSetExists" signature="(Ljava/lang/String;)Z" line-rate="0.6666666666666666" branch-rate="0.5">
							<lines>
								<line number="225" hits="3" branch="false"/>
								<line number="229" hits="3" branch="false"/>
								<line number="230" hits="3" branch="true" condition-coverage="50% (1/2)">
									<conditions>
										<condition number="0" type="jump" coverage="50%"/>
									</conditions>
								</line>
								<line number="232" hits="3" branch="false"/>
								<line number="236" hits="0" branch="false"/>
								<line number="238" hits="0" branch="false"/>
								<line number="239" hits="0" branch="false"/>
								<line number="240" hits="3" branch="false"/>
								<line number="241" hits="3" branch="false"/>
							</lines>
						</method>
						<method name="setConnection" signature="(Ljava/sql/Connection;)V" line-rate="1.0" branch-rate="1.0">
							<lines>
								<line number="214" hits="13" branch="false"/>
								<line number="215" hits="13" branch="false"/>
							</lines>
						</method>
					</methods>
					<lines>
						<line number="20" hits="11" branch="false"/>
						<line number="43" hits="1" branch="false"/>
						<line number="54" hits="5" branch="false"/>
						<line number="56" hits="0" branch="false"/>
						<line number="59" hits="0" branch="false"/>
						<line number="60" hits="0" branch="false"/>
						<line number="62" hits="5" branch="false"/>
						<line number="63" hits="5" branch="false"/>
						<line number="77" hits="4" branch="false"/>
						<line number="78" hits="4" branch="false"/>
						<line number="80" hits="0" branch="false"/>
						<line number="83" hits="0" branch="false"/>
						<line number="84" hits="0" branch="false"/>
						<line number="86" hits="4" branch="false"/>
						<line number="87" hits="4" branch="false"/>
						<line number="99" hits="2" branch="false"/>
						<line number="103" hits="2" branch="false"/>
						<line number="104" hits="2" branch="false"/>
						<line number="105" hits="2" branch="false"/>
						<line number="107" hits="0" branch="false"/>
						<line number="110" hits="0" branch="false"/>
						<line number="111" hits="0" branch="false"/>
						<line number="113" hits="2" branch="false"/>
						<line number="115" hits="2" branch="false"/>
						<line number="126" hits="14" branch="true" condition-coverage="50% (1/2)">
							<conditions>
								<condition number="0" type="jump" coverage="50%"/>
							</conditions>
						</line>
						<line number="128" hits="14" branch="false"/>
						<line number="130" hits="14" branch="true" condition-coverage="100% (2/2)">
							<conditions>
								<condition number="0" type="jump" coverage="100%"/>
							</conditions>
						</line>
						<line number="132" hits="7" branch="false"/>
						<line number="134" hits="14" branch="true" condition-coverage="100% (2/2)">
							<conditions>
								<condition number="0" type="jump" coverage="100%"/>
							</conditions>
						</line>
						<line number="136" hits="7" branch="false"/>
						<line number="138" hits="14" branch="true" condition-coverage="100% (2/2)">
							<conditions>
								<condition number="0" type="jump" coverage="100%"/>
							</conditions>
						</line>
						<line number="140" hits="11" branch="false"/>
						<line number="144" hits="0" branch="false"/>
						<line number="147" hits="0" branch="false"/>
						<line number="148" hits="0" branch="false"/>
						<line number="149" hits="14" branch="false"/>
						<line number="150" hits="14" branch="false"/>
						<line number="162" hits="8" branch="false"/>
						<line number="164" hits="0" branch="false"/>
						<line number="167" hits="0" branch="false"/>
						<line number="168" hits="0" branch="false"/>
						<line number="170" hits="8" branch="false"/>
						<line number="171" hits="8" branch="false"/>
						<line number="181" hits="6" branch="false"/>
						<line number="184" hits="6" branch="false"/>
						<line number="185" hits="6" branch="false"/>
						<line number="187" hits="0" branch="false"/>
						<line number="190" hits="0" branch="false"/>
						<line number="191" hits="0" branch="false"/>
						<line number="196" hits="6" branch="false"/>
						<line number="197" hits="6" branch="false"/>
						<line number="198" hits="6" branch="false"/>
						<line number="205" hits="1" branch="false"/>
						<line number="214" hits="13" branch="false"/>
						<line number="215" hits="13" branch="false"/>
						<line number="225" hits="3" branch="false"/>
						<line number="229" hits="3" branch="false"/>
						<line number="230" hits="3" branch="true" condition-coverage="50% (1/2)">
							<conditions>
								<condition number="0" type="jump" coverage="50%"/>
							</conditions>
						</line>
						<line number="232" hits="3" branch="false"/>
						<line number="236" hits="0" branch="false"/>
						<line number="238" hits="0" branch="false"/>
						<line number="239" hits="0" branch="false"/>
						<line number="240" hits="3" branch="false"/>
						<line number="241" hits="3" branch="false"/>
					</lines>
				</class>
			</classes>
		</package>
	</packages>
</coverage>
