<?xml version="1.0" encoding="UTF-8" ?>
<testsuites>
  <testsuite errors="0" failures="0" id="0" name="DAOTestSuite" package="edu.wustl.dao.test" tests="3" time="3.297">
      <properties>
[...]
</properties>

      <testcase classname="edu.wustl.dao.test.HibernateInsertTestCase" name="testAddInstitution" time="2.938" />

      <testcase classname="edu.wustl.dao.test.HibernateInsertTestCase" name="testoneIsOne" time="0.0" />

      <testcase classname="edu.wustl.dao.test.HibernateInsertTestCase" name="testTwoIsTwo" time="0.0" />

      <system-out><![CDATA[ INFO 19:25:16,380 (Environment) - Hibernate 3.1.3
 INFO 19:25:16,396 (Environment) - loaded properties from resource hibernate.properties: {hibernate.statement_cache.size=25, hibernate.cglib.use_reflection_optimizer=true, hibernate.connection.pool_size=1, hibernate.use_outer_join=true, hibernate.show_sql=true}
 INFO 19:25:16,396 (Environment) - using CGLIB reflection optimizer
 INFO 19:25:16,396 (Environment) - using JDK 1.4 java.sql.Timestamp handling
 INFO 19:25:16,849 (Configuration) - configuring from XML document
 INFO 19:25:16,849 (Configuration) - Reading mappings from resource: testhbm/User.hbm.xml
 INFO 19:25:17,083 (HbmBinder) - Mapping class: test.User -> XYZ_USER
 INFO 19:25:17,130 (Configuration) - Configured SessionFactory: null
 INFO 19:25:17,286 (DriverManagerConnectionProvider) - Using Hibernate built-in connection pool (not for production use!)
 INFO 19:25:17,286 (DriverManagerConnectionProvider) - Hibernate connection pool size: 1
 INFO 19:25:17,286 (DriverManagerConnectionProvider) - autocommit mode: false
 INFO 19:25:17,302 (DriverManagerConnectionProvider) - using driver: com.mysql.jdbc.Driver at URL: jdbc:mysql://localhost:3306/catissuecore
 INFO 19:25:17,302 (DriverManagerConnectionProvider) - connection properties: {user=root, password=****}
 INFO 19:25:17,692 (SettingsFactory) - RDBMS: MySQL, version: 5.0.45-community-nt
 INFO 19:25:17,692 (SettingsFactory) - JDBC driver: MySQL-AB JDBC Driver, version: mysql-connector-java-5.0.8 ( Revision: ${svn.Revision} )
 INFO 19:25:17,755 (Dialect) - Using dialect: org.hibernate.dialect.MySQLDialect
 INFO 19:25:17,771 (TransactionFactoryFactory) - Using default transaction strategy (direct JDBC transactions)
 INFO 19:25:17,786 (TransactionManagerLookupFactory) - No TransactionManagerLookup configured (in JTA environment, use of read-write or transactional second-level cache is not recommended)
 INFO 19:25:17,786 (SettingsFactory) - Automatic flush during beforeCompletion(): disabled
 INFO 19:25:17,786 (SettingsFactory) - Automatic session close at end of transaction: disabled
 INFO 19:25:17,786 (SettingsFactory) - JDBC batch size: 15
 INFO 19:25:17,786 (SettingsFactory) - JDBC batch updates for versioned data: disabled
 INFO 19:25:17,786 (SettingsFactory) - Scrollable result sets: enabled
 INFO 19:25:17,786 (SettingsFactory) - JDBC3 getGeneratedKeys(): enabled
 INFO 19:25:17,802 (SettingsFactory) - Connection release mode: auto
 INFO 19:25:17,802 (SettingsFactory) - Maximum outer join fetch depth: 2
 INFO 19:25:17,802 (SettingsFactory) - Default batch fetch size: 1
 INFO 19:25:17,802 (SettingsFactory) - Generate SQL with comments: disabled
 INFO 19:25:17,802 (SettingsFactory) - Order SQL updates by primary key: disabled
 INFO 19:25:17,802 (SettingsFactory) - Query translator: org.hibernate.hql.ast.ASTQueryTranslatorFactory
 INFO 19:25:17,817 (ASTQueryTranslatorFactory) - Using ASTQueryTranslatorFactory
 INFO 19:25:17,817 (SettingsFactory) - Query language substitutions: {}
 INFO 19:25:17,817 (SettingsFactory) - Second-level cache: enabled
 INFO 19:25:17,817 (SettingsFactory) - Query cache: disabled
 INFO 19:25:17,817 (SettingsFactory) - Cache provider: org.hibernate.cache.EhCacheProvider
 INFO 19:25:17,817 (SettingsFactory) - Optimize cache for minimal puts: disabled
 INFO 19:25:17,817 (SettingsFactory) - Structured second-level cache entries: disabled
 INFO 19:25:17,849 (SettingsFactory) - Statistics: disabled
 INFO 19:25:17,849 (SettingsFactory) - Deleted entity synthetic identifier rollback: disabled
 INFO 19:25:17,849 (SettingsFactory) - Default entity-mode: pojo
 INFO 19:25:17,911 (SessionFactoryImpl) - building session factory
 WARN 19:25:18,005 (EhCacheProvider) - Could not find configuration [test.User]; using defaults.
 INFO 19:25:18,599 (SessionFactoryObjectFactory) - Not binding factory to JNDI, no JNDI name configured
 INFO 19:25:18,630 (Configuration) - configuring from XML document
 INFO 19:25:18,630 (Configuration) - Reading mappings from resource: testhbm/User.hbm.xml
 INFO 19:25:18,677 (HbmBinder) - Mapping class: test.User -> XYZ_USER
 INFO 19:25:18,693 (Configuration) - Configured SessionFactory: null
 INFO 19:25:18,693 (DriverManagerConnectionProvider) - Using Hibernate built-in connection pool (not for production use!)
 INFO 19:25:18,693 (DriverManagerConnectionProvider) - Hibernate connection pool size: 1
 INFO 19:25:18,693 (DriverManagerConnectionProvider) - autocommit mode: false
 INFO 19:25:18,693 (DriverManagerConnectionProvider) - using driver: com.mysql.jdbc.Driver at URL: jdbc:mysql://localhost:3306/catissuecore
 INFO 19:25:18,693 (DriverManagerConnectionProvider) - connection properties: {user=root, password=****}
 INFO 19:25:18,708 (SettingsFactory) - RDBMS: MySQL, version: 5.0.45-community-nt
 INFO 19:25:18,708 (SettingsFactory) - JDBC driver: MySQL-AB JDBC Driver, version: mysql-connector-java-5.0.8 ( Revision: ${svn.Revision} )
 INFO 19:25:18,708 (Dialect) - Using dialect: org.hibernate.dialect.MySQLDialect
 INFO 19:25:18,708 (TransactionFactoryFactory) - Using default transaction strategy (direct JDBC transactions)
 INFO 19:25:18,708 (TransactionManagerLookupFactory) - No TransactionManagerLookup configured (in JTA environment, use of read-write or transactional second-level cache is not recommended)
 INFO 19:25:18,708 (SettingsFactory) - Automatic flush during beforeCompletion(): disabled
 INFO 19:25:18,708 (SettingsFactory) - Automatic session close at end of transaction: disabled
 INFO 19:25:18,708 (SettingsFactory) - JDBC batch size: 15
 INFO 19:25:18,708 (SettingsFactory) - JDBC batch updates for versioned data: disabled
 INFO 19:25:18,708 (SettingsFactory) - Scrollable result sets: enabled
 INFO 19:25:18,724 (SettingsFactory) - JDBC3 getGeneratedKeys(): enabled
 INFO 19:25:18,724 (SettingsFactory) - Connection release mode: auto
 INFO 19:25:18,724 (SettingsFactory) - Maximum outer join fetch depth: 2
 INFO 19:25:18,724 (SettingsFactory) - Default batch fetch size: 1
 INFO 19:25:18,724 (SettingsFactory) - Generate SQL with comments: disabled
 INFO 19:25:18,724 (SettingsFactory) - Order SQL updates by primary key: disabled
 INFO 19:25:18,724 (SettingsFactory) - Query translator: org.hibernate.hql.ast.ASTQueryTranslatorFactory
 INFO 19:25:18,724 (ASTQueryTranslatorFactory) - Using ASTQueryTranslatorFactory
 INFO 19:25:18,724 (SettingsFactory) - Query language substitutions: {}
 INFO 19:25:18,724 (SettingsFactory) - Second-level cache: enabled
 INFO 19:25:18,724 (SettingsFactory) - Query cache: disabled
 INFO 19:25:18,724 (SettingsFactory) - Cache provider: org.hibernate.cache.EhCacheProvider
 INFO 19:25:18,724 (SettingsFactory) - Optimize cache for minimal puts: disabled
 INFO 19:25:18,724 (SettingsFactory) - Structured second-level cache entries: disabled
 INFO 19:25:18,724 (SettingsFactory) - Statistics: disabled
 INFO 19:25:18,724 (SettingsFactory) - Deleted entity synthetic identifier rollback: disabled
 INFO 19:25:18,724 (SettingsFactory) - Default entity-mode: pojo
 INFO 19:25:18,739 (SessionFactoryImpl) - building session factory
 INFO 19:25:18,755 (SessionFactoryObjectFactory) - Not binding factory to JNDI, no JNDI name configured
---------Hello abc ---------------------------
]]></system-out>

      <system-err><![CDATA[log4j:ERROR setFile(null,true) call failed.
java.io.FileNotFoundException: @@jbosshome@@\log\query.log (The system cannot find the path specified)
	at java.io.FileOutputStream.openAppend(Native Method)
	at java.io.FileOutputStream.<init>(FileOutputStream.java:177)
	at java.io.FileOutputStream.<init>(FileOutputStream.java:102)
	at org.apache.log4j.FileAppender.setFile(FileAppender.java:273)
	at org.apache.log4j.RollingFileAppender.setFile(RollingFileAppender.java:156)
	at org.apache.log4j.FileAppender.activateOptions(FileAppender.java:152)
	at org.apache.log4j.config.PropertySetter.activate(PropertySetter.java:247)
	at org.apache.log4j.config.PropertySetter.setProperties(PropertySetter.java:123)
	at org.apache.log4j.config.PropertySetter.setProperties(PropertySetter.java:87)
	at org.apache.log4j.PropertyConfigurator.parseAppender(PropertyConfigurator.java:645)
	at org.apache.log4j.PropertyConfigurator.parseCategory(PropertyConfigurator.java:603)
	at org.apache.log4j.PropertyConfigurator.parseCatsAndRenderers(PropertyConfigurator.java:524)
	at org.apache.log4j.PropertyConfigurator.doConfigure(PropertyConfigurator.java:408)
	at org.apache.log4j.PropertyConfigurator.doConfigure(PropertyConfigurator.java:432)
	at org.apache.log4j.helpers.OptionConverter.selectAndConfigure(OptionConverter.java:460)
	at org.apache.log4j.LogManager.<clinit>(LogManager.java:113)
	at org.apache.log4j.Logger.getLogger(Logger.java:107)
	at edu.wustl.common.util.logger.Logger.getLogger(Logger.java:64)
	at edu.wustl.dao.daofactory.DAOConfigFactory.<clinit>(DAOConfigFactory.java:18)
	at edu.wustl.dao.test.HibernateInsertTestCase.testAddInstitution(Unknown Source)
	at sun.reflect.NativeMethodAccessorImpl.invoke0(Native Method)
	at sun.reflect.NativeMethodAccessorImpl.invoke(NativeMethodAccessorImpl.java:39)
	at sun.reflect.DelegatingMethodAccessorImpl.invoke(DelegatingMethodAccessorImpl.java:25)
	at java.lang.reflect.Method.invoke(Method.java:585)
	at junit.framework.TestCase.runTest(TestCase.java:154)
	at junit.framework.TestCase.runBare(TestCase.java:127)
	at junit.framework.TestResult$1.protect(TestResult.java:106)
	at junit.framework.TestResult.runProtected(TestResult.java:124)
	at junit.framework.TestResult.run(TestResult.java:109)
	at junit.framework.TestCase.run(TestCase.java:118)
	at junit.framework.TestSuite.runTest(TestSuite.java:208)
	at junit.framework.TestSuite.run(TestSuite.java:203)
	at junit.framework.TestSuite.runTest(TestSuite.java:208)
	at junit.framework.TestSuite.run(TestSuite.java:203)
	at org.apache.tools.ant.taskdefs.optional.junit.JUnitTestRunner.run(JUnitTestRunner.java:297)
	at org.apache.tools.ant.taskdefs.optional.junit.JUnitTask.executeInVM(JUnitTask.java:1072)
	at org.apache.tools.ant.taskdefs.optional.junit.JUnitTask.execute(JUnitTask.java:682)
	at org.apache.tools.ant.taskdefs.optional.junit.JUnitTask.executeOrQueue(JUnitTask.java:1434)
	at org.apache.tools.ant.taskdefs.optional.junit.JUnitTask.execute(JUnitTask.java:632)
	at org.apache.tools.ant.UnknownElement.execute(UnknownElement.java:288)
	at sun.reflect.NativeMethodAccessorImpl.invoke0(Native Method)
	at sun.reflect.NativeMethodAccessorImpl.invoke(NativeMethodAccessorImpl.java:39)
	at sun.reflect.DelegatingMethodAccessorImpl.invoke(DelegatingMethodAccessorImpl.java:25)
	at java.lang.reflect.Method.invoke(Method.java:585)
	at org.apache.tools.ant.dispatch.DispatchUtils.execute(DispatchUtils.java:105)
	at org.apache.tools.ant.Task.perform(Task.java:348)
	at org.apache.tools.ant.Target.execute(Target.java:357)
	at org.apache.tools.ant.Target.performTasks(Target.java:385)
	at org.apache.tools.ant.Project.executeSortedTargets(Project.java:1329)
	at org.apache.tools.ant.Project.executeTarget(Project.java:1298)
	at org.apache.tools.ant.helper.DefaultExecutor.executeTargets(DefaultExecutor.java:41)
	at org.eclipse.ant.internal.ui.antsupport.EclipseDefaultExecutor.executeTargets(EclipseDefaultExecutor.java:32)
	at org.apache.tools.ant.Project.executeTargets(Project.java:1181)
	at org.eclipse.ant.internal.ui.antsupport.InternalAntRunner.run(InternalAntRunner.java:423)
	at org.eclipse.ant.internal.ui.antsupport.InternalAntRunner.main(InternalAntRunner.java:137)
log4j:ERROR setFile(null,true) call failed.
java.io.FileNotFoundException: @@jbosshome@@\log\hibernatesql.log (The system cannot find the path specified)
	at java.io.FileOutputStream.openAppend(Native Method)
	at java.io.FileOutputStream.<init>(FileOutputStream.java:177)
	at java.io.FileOutputStream.<init>(FileOutputStream.java:102)
	at org.apache.log4j.FileAppender.setFile(FileAppender.java:273)
	at org.apache.log4j.RollingFileAppender.setFile(RollingFileAppender.java:156)
	at org.apache.log4j.FileAppender.activateOptions(FileAppender.java:152)
	at org.apache.log4j.config.PropertySetter.activate(PropertySetter.java:247)
	at org.apache.log4j.config.PropertySetter.setProperties(PropertySetter.java:123)
	at org.apache.log4j.config.PropertySetter.setProperties(PropertySetter.java:87)
	at org.apache.log4j.PropertyConfigurator.parseAppender(PropertyConfigurator.java:645)
	at org.apache.log4j.PropertyConfigurator.parseCategory(PropertyConfigurator.java:603)
	at org.apache.log4j.PropertyConfigurator.parseCatsAndRenderers(PropertyConfigurator.java:524)
	at org.apache.log4j.PropertyConfigurator.doConfigure(PropertyConfigurator.java:408)
	at org.apache.log4j.PropertyConfigurator.doConfigure(PropertyConfigurator.java:432)
	at org.apache.log4j.helpers.OptionConverter.selectAndConfigure(OptionConverter.java:460)
	at org.apache.log4j.LogManager.<clinit>(LogManager.java:113)
	at org.apache.log4j.Logger.getLogger(Logger.java:107)
	at edu.wustl.common.util.logger.Logger.getLogger(Logger.java:64)
	at edu.wustl.dao.daofactory.DAOConfigFactory.<clinit>(DAOConfigFactory.java:18)
	at edu.wustl.dao.test.HibernateInsertTestCase.testAddInstitution(Unknown Source)
	at sun.reflect.NativeMethodAccessorImpl.invoke0(Native Method)
	at sun.reflect.NativeMethodAccessorImpl.invoke(NativeMethodAccessorImpl.java:39)
	at sun.reflect.DelegatingMethodAccessorImpl.invoke(DelegatingMethodAccessorImpl.java:25)
	at java.lang.reflect.Method.invoke(Method.java:585)
	at junit.framework.TestCase.runTest(TestCase.java:154)
	at junit.framework.TestCase.runBare(TestCase.java:127)
	at junit.framework.TestResult$1.protect(TestResult.java:106)
	at junit.framework.TestResult.runProtected(TestResult.java:124)
	at junit.framework.TestResult.run(TestResult.java:109)
	at junit.framework.TestCase.run(TestCase.java:118)
	at junit.framework.TestSuite.runTest(TestSuite.java:208)
	at junit.framework.TestSuite.run(TestSuite.java:203)
	at junit.framework.TestSuite.runTest(TestSuite.java:208)
	at junit.framework.TestSuite.run(TestSuite.java:203)
	at org.apache.tools.ant.taskdefs.optional.junit.JUnitTestRunner.run(JUnitTestRunner.java:297)
	at org.apache.tools.ant.taskdefs.optional.junit.JUnitTask.executeInVM(JUnitTask.java:1072)
	at org.apache.tools.ant.taskdefs.optional.junit.JUnitTask.execute(JUnitTask.java:682)
	at org.apache.tools.ant.taskdefs.optional.junit.JUnitTask.executeOrQueue(JUnitTask.java:1434)
	at org.apache.tools.ant.taskdefs.optional.junit.JUnitTask.execute(JUnitTask.java:632)
	at org.apache.tools.ant.UnknownElement.execute(UnknownElement.java:288)
	at sun.reflect.NativeMethodAccessorImpl.invoke0(Native Method)
	at sun.reflect.NativeMethodAccessorImpl.invoke(NativeMethodAccessorImpl.java:39)
	at sun.reflect.DelegatingMethodAccessorImpl.invoke(DelegatingMethodAccessorImpl.java:25)
	at java.lang.reflect.Method.invoke(Method.java:585)
	at org.apache.tools.ant.dispatch.DispatchUtils.execute(DispatchUtils.java:105)
	at org.apache.tools.ant.Task.perform(Task.java:348)
	at org.apache.tools.ant.Target.execute(Target.java:357)
	at org.apache.tools.ant.Target.performTasks(Target.java:385)
	at org.apache.tools.ant.Project.executeSortedTargets(Project.java:1329)
	at org.apache.tools.ant.Project.executeTarget(Project.java:1298)
	at org.apache.tools.ant.helper.DefaultExecutor.executeTargets(DefaultExecutor.java:41)
	at org.eclipse.ant.internal.ui.antsupport.EclipseDefaultExecutor.executeTargets(EclipseDefaultExecutor.java:32)
	at org.apache.tools.ant.Project.executeTargets(Project.java:1181)
	at org.eclipse.ant.internal.ui.antsupport.InternalAntRunner.run(InternalAntRunner.java:423)
	at org.eclipse.ant.internal.ui.antsupport.InternalAntRunner.main(InternalAntRunner.java:137)
]]></system-err>

  </testsuite>
</testsuites>
